[    0.000000] Initializing cgroup subsys cpuset
[    0.000000] Initializingccgroup subsys cpu
[    0.000000] Initializing cgroup subsys cpuacct
[    0.000000] Linux version 4.4.0-159-generic (buildd@lgw01-amd64-042) (gcc version 5.4.0 20160609 (Ubuntu 5.4.0-6ubuntu1~16.04.10) ) #187-Ubuntu SMP Thu Aug 1 16:28:06 UTC 2019 (Ubuntu 4.4.0-159.187-generic 4.4.185)
[    0.000000] Command line: BOOT_IMAGE=/boot/vmlinuz-4.4.0-159-generic root=LABEL=cloudimg-rootfs ro console=tty1 console=ttyS0
[    0.000000] KERNEL supported cpus:
[    0.000000]   Intel GenuineIntel
[    0.000000]   AMD AuthenticAMD
[    0.000000]   Centaur CentaurHauls
[    0.000000] x86/fpu: Legacy x87 FPU detected.
[    0.000000] e820: BIOS-provided physical RAM map:
[    0.000000] BIOS-e820: [mem 0x0000000000000000-0x000000000009fbff] usable
[    0.000000] BIOS-e820: [mem 0x000000000009fc00-0x000000000009ffff] reserved
[    0.000000] BIOS-e820: [mem 0x00000000000f0000-0x00000000000fffff] reserved
[    0.000000] BIOS-e820: [mem 0x0000000000100000-0x000000002cfeffff] usable
[    0.000000] BIOS-e820: [mem 0x000000002cff0000-0x000000002cffffff] ACPI data
[    0.000000] BIOS-e820: [mem 0x00000000fec00000-0x00000000fec00fff] reserved
[    0.000000] BIOS-e820: [mem 0x00000000fee00000-0x00000000fee00fff] reserved
[    0.000000] BIOS-e820: [mem 0x00000000fffc0000-0x00000000ffffffff] reserved
[    0.000000] NX (Execute Disable) protection: active
[    0.000000] SMBIOS 2.5 present.
[    0.000000] Hypervisor detected: KVM
[   00.000000] e820: last_ffn = 0x2cff0 max_arch_pfn = 0x400000000
[    0.000000] MTRR: Disabled
[    0.000000] x86/PAT: MTRRs disabled, skipping PAT initialization too.
[    0.000000] CPU MTRRs all blank - virtualized system.
[    0.000000] x86/PAT: Configuration [0-7]: WB  WT  UC- UC  WB  WT  UC- UC  
[    0.000000] found SMP MP-table at [mem 0x0009fff0-0x0009ffff] mapped at [ffff88000009fff0]
[    0.000000] Scanning 1 areas for low memory corruption
[    0.000000] RAMDISK: [mem 0x2b961000-0x2c7dcfff]
[    0.000000] ACPI: Early table checksum verification disabled
[    0.000000] ACPI: RSDP 0x00000000000E0000 000024 (v02 VBOX  )
[    0.000000] ACPI: XSDT 0x000000002CFF0030 00003C (v01 VBOX   VBOXXSDT 00000001 ASL  00000061)
[    0.000000] ACPI: FACP 0x000000002CFF00F0 0000F4 (v04 VBOX   VBOXFACP 00000001 ASL  00000061)
[    0.000000] ACPI: DSDT 0x000000002CFF0470 0021FF (v02 VBOX   VBOXBIOS 00000002 INTL 20180105)
[    0.000000] ACPI: FACS 0x000000002CFF0200 000040
[    0.000000] ACPI: FACS 0x000000002CFF0200 000040
[    0.000000] ACPI: APIC 0x000000002CFF0240 000054 (v02 VBOX   VBOXAPIC 00000001 ASL  00000061)
[    0.000000] ACPI: SSDT 0x000000002CFF02A0 0001CC (v01 VBOX   VBOXCPUT 00000002 INTL 20180105)
[    0.000000] No NUMA configuration found
[    0.000000] Faking a node at [mem 0x0000000000000000-0x000000002cfeffff]
[    0.000000] NODE_DATA(0) allocated [mem 0x2cfeb000-0x2cfeffff]
[    0.000000] kvm-clock: Using msrs 4b564d01 and 4b564d00
[    0.000000] kvm-clock: cpu 0, msr 0:2cfe3001, primary cpu clock
[    0.000000] kvm-clock: using sched offset of 7571822346 cycles
[    0.000000] clocksource: kvm-clock: mask: 0xffffffffffffffff max_cycles: 0x1cd42e4dffb, max_idle_ns: 881590591483 ns
[    0.000000] Zone ranges:
[    0.000000]   DMA      [mem 0x0000000000001000-0x0000000000ffffff]
[    0.000000]   DMA32    [mem 0x0000000001000000-0x000000002cfeffff]
[    0.000000]   Normal   empty
[    0.000000]   Device   empty
[    0.000000] Movable zone start for each node
[    0.000000] Early memory node ranges
[    0.000000]   node   0: [mem 0x0000000000001000-0x000000000009efff]
[    0.000000]   node   0: [mem 0x0000000000100000-0x000000002cfeffff]
[    0.000000] Initmem setup node 0 [mem 0x0000000000001000-0x000000002cfeffff]
[    0.000000] ACPI: PM-Timer IO Port: 0x4008
[    0.000000] IOAPIC[0]: apic_id 1, version 32, address 0xfec00000, GSI 0-23
[    0.000000] ACPI: INT_SRC_OVR (bus 0 bus_irq 0 global_irq 2 dfl dfl)
[    0.000000] ACPI: INT_SRC_OVR (bus 0 bus_irq 9 global_irq 9 low level)
[    0.000000] Using ACPI (MADT) for SMP configuration information
[    0.000000] smpboot: Allowing 1 CPUs, 0 hotplug CPUs
[    0.000000] PM: Registered nosave memory: [mem 0x00000000-0x00000fff]
[    0.000000] PM: Registered nosave memory: [mem 0x0009f000-0x0009ffff]
[    0.000000] PM: Registered nosave memory: [mem 0x000a0000-0x000effff]
[    0.000000] PM: Registered nosave memory: [mem 0x000f0000-0x000fffff]
[    0.000000] e820: [mem 0x2d000000-0xfebfffff] available for PCI devices
[    0.000000] Booting paravirtualized kernel on KVM
[    0.000000] clocksource: refined-jiffies: mask: 0xffffffff max_cycles: 0xffffffff, max_idle_ns: 7645519600211568 ns
[    0.000000] setup_percpu: NR_CPUS:512 nr_cpumask_bits:512 nr_cpu_ids:1 nr_node_ids:1
[    0.000000] PERCPU: Embedded 34 pages/cpu @ffff88002cc00000 s99544 r8192 d31528 u2097152
[    0.000000] Built 1 zonelists in Node order, mobility grouping on.  Total pages: 181304
[    0.000000] Policy zone: DMA32
[    0.000000] Kernel command line: BOOT_IMAGE=/boot/vmlinuz-4.4.0-159-generic root=LABEL=cloudimg-rootfs ro console=tty1 console=ttyS0
[    0.000000] PID hash table entries: 4096 (order: 3, 32768 bytes)
[    0.000000] Memory: 690660K/736824K available (8618K kernel code, 1335K rwdata, 4032K rodata, 1488K init, 1284K bss, 46164K reserved, 0K cma-reserved)
[    0.000000] SLUB: HWalign=64, Order=0-3, MinObjects=0, CPUs=1, Nodes=1
[    0.000000] Kernel/User page tables isolation: enabled
[    0.000000] Hierarchical RCU implementation.
[    0.000000] 	Build-time adjustment of leaf fanout to 64.
[    0.000000] 	RCU restricting CPUs from NR_CPUS=512 to nr_cpu_ids=1.
[    0.000000] RCU: Adjusting geometry for rcu_fanout_leaf=64, nr_cpu_ids=1
[    0.000000] NR_IRQS:33024 nr_irqs:256 16
[    0.000000] Console: colour VGA+ 80x25
[    0.000000] console [tty1] enabled
[    0.000000] console [ttyS0] enabled
[    0.000000] tsc: Detected 2992.498 MHz processor
[    0.834471] Calibrating delay loop (skipped) preset value.. 5984.99 BogoMIPS (lpj=11969992)
[    0.837491] pid_max: default: 32768 minimum: 301
[    0.839059] ACPI: Core revision 20150930
[    0.841735] ACPI: 2 ACPI AML tables successfully acquired and loaded
[    0.843974] Security Framework initialized
[    0.845604] Yama: becoming mindful.
[    0.847006] AppArmor: AppArmor initialized
[    0.848612] Dentry cache hash table entries: 131072 (order: 8, 1048576 bytes)
[    0.851132] Inode-cache hash table entries: 65536 (order: 7, 524288 bytes)
[    0.853369] Mount-cache hash table entries: 2048 (order: 2, 16384 bytes)
[    0.855455] Mountpoint-cache hash table entries: 2048 (order: 2, 16384 bytes)
[    0.858049] Initializing cgroup subsys io
[    0.859484] Initializing cgroup subsys memory
[    0.861032] Initializing cgroup subsys devices
[    0.862577] Initializing cgroup subsys freezer
[    0.864101] Initializing cgroup subsys net_cls
[    0.865665] Initializing cgroup subsys perf_event
[    0.867254] Initializing cgroup subsys net_prio
[    0.868793] Initializing cgroup subsys hugetlb
[    0.921124] Initializing cgroup subsys pids
[    0.922718] mce: CPU supports 0 MCE banks
[    0.924221] process: using mwait in idle threads
[    0.925797] Last level iTLB entries: 4KB 128, 2MB 4, 4MB 4
[    0.927595] Last level dTLB entries: 4KB 256, 2MB 0, 4MB 32, 1GB 0
[    0.929506] Spectre V1 : Mitigation: usercopy/swapgs barriers and __user pointer sanitization
[    0.932452] Spectre V2 : Mitigation: Full generic retpoline
[    0.934264] Spectre V2 : Spectre v2 / SpectreRSB mitigation: Filling RSB on context switch
[    0.937105] Speculative Store Bypass: Vulnerable
[    0.939473] MDS: Vulnerable: Clear CPU buffers attempted, no microcode
[    1.575762] Freeing SMP alternatives memory: 36K
[    1.586834] ttrace: allocating 32318 entries in 127 pages
[    1.766281] smpboot: APIC(0) Converting physical 0 to logical package 0
[    1.769966] smpboot: Max logical packages: 1
[    1.772088] x2apic enabled
[    1.773757] Switched APIC routing to physical x2apic.
[    1.777755] ..TIMER: vector=0x30 apic1=0 pin1=2 apic2=-1 pin2=-1
[    1.860047] APIC calibration not consistent with PM-Timer: 200ms instead of 100ms
[    1.862692] APIC delta adjusted to PM-Timer: 6249846 (12499902)
[    1.864596] smpboot: CPU0: Intel(R) Core(TM)2 Duo CPU     E8400  @ 3.00GHz (family: 0x6, model: 0x17, stepping: 0xa)
[    1.871424] Performance Events: unsupported p6 CPU model 23 no PMU driver, software events only.
[    2.077895] KVM setup paravirtual spinlock
[    2.100871] x86: Booted up 1 node, 1 CPUs
[    2.102332] smpboot: Total of 1 processors activated (5984.99 BogoMIPS)
[    2.104853] devtmpfs: initialized
[    2.108556] evm: security.selinux
[    2.109829] evm: security.SMACK64
[    2.111117] evm: security.SMACK64EXEC
[    2.112463] evm: security.SMACK64TRANSMUTE
[    2.113922] evm: security.SMACK64MMAP
[    2.115274] evm: security.ima
[    2.116482] evm: security.capability
[    2.117954] clocksource: jiffies: mask: 0xffffffff max_cycles: 0xffffffff, max_idle_ns: 7645041785100000 ns
[    2.176972] futex hash table entries: 256 (order: 2, 16384 bytes)
[    2.179029] pinctrl core: initialized pinctrl subsystem
[    2.180924] RTC time: 16:11:37, date: 08/23/19
[    2.182745] NET: Registered protocol family 16
[    2.184564] cpuidle: using governor ladder
[    2.186010] cpuidle: using governor menu
[    2.189171] PCCT header not found.
[    2.190512] ACPI: bus type PCI registered
[    2.191964] acpiphp: ACPI Hot Plug PCI Controller Driver version: 0.5
[    2.194082] PCI: Using configuration type 1 for base access
[    2.197420] ACPI: Added _OSI(Module Device)
[    2.208905] ACPI: Added _OSI(Processor Device)
[    2.210431] ACPI: Added _OSI(3.0 _SCP Extensions)
[    2.309195] ACPI: Added _OSI(Processor Aggregator Device)
[    2.312407] ACPI: Executed 1 blocks of module-level executable AML code
[    2.385805] ACPI: Interpreter enabled
[    2.387196] ACPI: (supports S0 S5)
[    2.388514] ACPI: Using IOAPIC for interrupt routing
[    2.390373] PCI: Using host bridge windows from ACPI; if necessary, use "pci=nocrs" and report a bug
[    2.397897] ACPI: PCI Root Bridge [PCI0] (domain 0000 [bus 00-ff])
[    2.399846] acpi PNP0A03:00: _OSC: OS supports [ASPM ClockPM Segments MSI]
[    2.401935] acpi PNP0A03:00: _OSC: not requesting OS control; OS requires [ExtendedConfig ASPM ClockPM MSI]
[    2.405175] acpi PNP0A03:00: fail to add MMCONFIG information, can't access extended PCI configuration space under this bridge.
[    2.409153] PCI host bridge to bus 0000:00
[    2.410615] pci_bus 0000:00: root bus resource [io  0x0000-0x0cf7 window]
[    2.429702] pci_bus 0000:00: root bus resource [io  0x0d00-0xffff window]
[    2.431792] pci_bus 0000:00: root bus resource [mem 0x000a0000-0x000bffff window]
[    2.485187] pci_bus 0000:00: root bus resource [mem 0x2d000000-0xfdffffff window]
[    2.487890] pci_bus 0000:00: root bus resource [bus 00-ff]
[    2.502060] pci 0000:00:01.1: legacy IDE quirk: reg 0x10: [io  0x01f0-0x01f7]
[    2.504220] pci 0000:00:01.1: legacy IDE quirk: reg 0x14: [io  0x03f6]
[    2.506247] pci 0000:00:01.1: legacy IDE quirk: reg 0x18: [io  0x0170-0x0177]
[    2.508469] pci 0000:00:01.1: legacy IDE quirk: reg 0x1c: [io  0x0376]
[    2.589464] pci 0000:00:07.0: quirk: [io  0x4000-0x403f] claimed by PIIX4 ACPI
[    2.600683] pci 0000:00:07.0: quirk: [io  0x4100-0x410f] claimed by PIIX4 SMB
[    2.609282] ACPI: PCI Interrupt Link [LNKA] (IRQs 5 9 10 *11)
[    2.633670] ACPI: PCI Interrupt Link [LNKB] (IRQs 5 9 *10 11)
[    2.691974] ACPI: PCI Interrupt Link [LNKC] (IRQs 5 *9 10 11)
[    2.694534] ACPI: PCI Interrupt Link [LNKD] (IRQs 5 9 10 *11)
[    2.697137] ACPI: Enabled 2 GPEs in block 00 to 07
[    2.699690] vgaarb: setting as boot device: PCI:0000:00:02.0
[    2.701513] vgaarb: device added: PCI:0000:00:02.0,decodes=io+mem,owns=io+mem,locks=none
[    2.704366] vgaarb: loaded
[    2.705498] vgaarb: bridge control possible 0000:00:02.0
[    2.707855] SCSI subsystem initialized
[    2.709635] ACPI: bus type USB registered
[    2.711160] usbcore: registered new interface driver usbfs
[    2.739425] usbcore: registered new interface driver hub
[    2.797041] usbcore: registered new device driver usb
[    2.799056] PCI: Using ACPI for IRQ routing
[    2.801232] NetLabel: Initializing
[    2.802531] NetLabel:  domain hash size = 128
[    2.804061] NetLabel:  protocols = UNLABELED CIPSOv4
[    2.805743] NetLabel:  unlabeled traffic allowed by default
[    2.807908] amd_nb: Cannot enumerate AMD northbridges
[    2.819721] clocksource: Switched to clocksource kvm-clock
[    2.834712] AppArmor: AppArmor Filesystem Enabled
[    2.900322] pnp: PnP ACPI init
[    2.902665] pnp: PnP ACPI: found 3 devices
[    2.911405] clocksource: acpi_pm: mask: 0xffffff max_cycles: 0xffffff, max_idle_ns: 2085701024 ns
[    2.930897] NET: Registered protocol family 2
[    2.932938] TCP established hash table entries: 8192 (order: 4, 65536 bytes)
[    2.935135] TCP bind hash table entries: 8192 (order: 5, 131072 bytes)
[    2.937236] TCP: Hash tables configured (established 8192 bind 8192)
[    2.939281] UDP hash table entries: 512 (order: 2, 16384 bytes)
[    2.941232] UDP-Lite hash table entries: 512 (order: 2, 16384 bytes)
[    3.005360] NET: Registered protocol family 1
[    3.009540] pci 0000:00:00.0: Limiting direct PCI/PCI transfers
[    3.011599] pci 0000:00:01.0: Activating ISA DMA hang workarounds
[    3.030137] Unpacking initramfs...
[    3.536590] Freeing initrd memory: 14832K
[    3.619076] clocksource: tsc: mask: 0xffffffffffffffff max_cycles: 0x2b2296bc2b9, max_idle_ns: 440795321505 ns
[    3.622434] platform rtc_cmos: registered platform RTC device (no PNP device found)
[    3.639622] Scanning for low memory corruption every 60 seconds
[    3.641901] audit: initializing netlink subsys (disabled)
[    3.719900] audit: type=2000 audit(1566576706.056:1): initialized
[    3.722194] Initialise system trusted keyring
[    3.723865] HugeTLB registered 2 MB page size, pre-allocated 0 pages
[    3.727418] zbud: loaded
[    3.728852] VFS: Disk quotas dquot_6.6.0
[    3.730319] VFS: Dquot-cache hash table entries: 512 (order 0, 4096 bytes)
[    3.732702] squashfs: version 4.0 (2009/01/31) Phillip Lougher
[    3.735667] fuse init (API version 7.23)
[    3.737281] Key type big_key registered
[    3.738705] Allocating IMA MOK and blacklist keyrings.
[    3.740822] Key type asymmetric registered
[    3.742342] Asymmetric key parser 'x509' registered
[    3.744015] Block layer SCSI generic (bsg) driver version 0.4 loaded (major 249)
[    3.746780] io scheduler noop registered
[    3.748260] io scheduler deadline registered (default)
[    3.749997] io scheduler cfq registered
[    3.751542] pci_hotplug: PCI Hot Plug PCI Core version: 0.5
[    3.753391] pciehp: PCI Express Hot Plug Controller Driver version: 0.4
[    3.755649] ACPI: AC Adapter [AC] (on-line)
[    3.757245] input: Power Button as /devices/LNXSYSTM:00/LNXPWRBN:00/input/input0
[    3.825964] ACPI: Power Button [PWRF]
[    3.827461] input: Sleep Button as /devices/LNXSYSTM:00/LNXSLPBN:00/input/input1
[    3.830217] ACPI: Sleep Button [SLPF]
[    3.831804] GHES: HEST is not enabled!
[    3.833386] Serial: 8250/16550 driver, 32 ports, IRQ sharing enabled
[    3.858829] 00:02: ttyS0 at I/O 0x3f8 (irq = 4, base_baud = 115200) is a 16550A
[    3.862976] Linux agpgart interface v0.103
[    3.866799] loop: module loaded
[    3.870060] scsi host0: ata_piix
[    3.871453] scsi host1: ata_piix
[    3.872833] ata1: PATA max UDMA/33 cmd 0x1f0 ctl 0x3f6 bmdma 0xd000 irq 14
[    3.929951] ata2: PATA max UDMA/33 cmd 0x170 ctl 0x376 bmdma 0xd008 irq 15
[    3.932865] libphy: Fixed MDIO Bus: probed
[    3.934375] tun: Universal TUN/TAP device driver, 1.6
[    3.936091] tun: (C) 1999-2004 Max Krasnyansky <maxk@qualcomm.com>
[    3.938243] PPP generic driver version 2.4.2
[    3.939862] ehci_hcd: USB 2.0 'Enhanced' Host Controller (EHCI) Driver
[    3.941969] ehci-pci: EHCI PCI platform driver
[    3.943561] ehci-platform: EHCI generic platform driver
[    3.945361] ohci_hcd: USB 1.1 'Open' Host Controller (OHCI) Driver
[    3.947360] ohci-pci: OHCI PCI platform driver
[    3.955357] ohci-platform: OHCI generic platform driver
[    3.957165] uhci_hcd: USB Universal Host Controller Interface driver
[    3.959271] i8042: PNP: PS/2 Controller [PNP0303:PS2K,PNP0f03:PS2M] at 0x60,0x64 irq 1,12
[    3.962919] serio: i8042 KBD port at 0x60,0x64 irq 1
[    3.964645] serio: i8042 AUX port at 0x60,0x64 irq 12
[    3.966496] mousedev: PS/2 mouse device common for all mice
[    3.968789] input: AT Translated Set 2 keyboard as /devices/platform/i8042/serio0/input/input2
[    3.972282] rtc_cmos rtc_cmos: rtc core: registered rtc_cmos as rtc0
[    3.974403] rtc_cmos rtc_cmos: alarms up to one day, 114 bytes nvram
[    3.976412] i2c /dev entries driver
[    3.978037] device-mapper: uevent: version 1.0.3
[    4.036395] device-mapper: ioctl: 4.34.0-ioctl (2015-10-28) initialised: dm-devel@redhat.com
[    4.039329] ledtrig-cpu: registered to indicate activity on CPUs
[    4.041657] NET: Registered protocol family 10
[    4.052442] NET: Registered protocol family 17
[    4.054003] Key type dns_resolver registered
[    4.055802] registered taskstats version 1
[    4.057335] Loading compiled-in X.509 certificates
[    4.059922] Loaded X.509 cert 'Build time autogenerated kernel key: d14182f9795b80ec340f636a5a08bf5817ccd8e7'
[    4.063233] zswap: loaded using pool lzo/zbud
[    4.076837] Key type trusted registered
[    4.153173] Key type encrypted registered
[    4.154758] AppArmor: AppArmor sha1 policy hashing enabled
[    4.156598] ima: No TPM chip found, activating TPM-bypass!
[    4.158402] ima: Allocated hash algorithm: sha1
[    4.160090] evm: HMAC attrs: 0x1
[    4.179680]   Magic number: 15:55:187
[    4.181169] rtc_cmos rtc_cmos: setting system clock to 2019-08-23 16:11:39 UTC (1566576699)
[    4.184142] BIOS EDD facility v0.16 2004-Jun-25, 0 devices found
[    4.236684] EDD information not available.
[    4.243175] Freeing unused kernel memory: 1488K
[    4.255762] Write protecting the kernel read-only data: 14336k
[    4.270087] Freeing unused kernel memory: 1608K
[    4.271935] Freeing unused kernel memory: 64K
Loading, please wait...
starting version[    4.497661] random: systemd-udevd: uninitialized urandom read (16 bytes read, 3 bits of entropy available)
 229
[    4.562990] random: udevadm: uninitialized urandom read (16 bytes read, 3 bits of entropy available)
[    4.566341] random: udevadm: uninitialized urandom read (16 bytes read, 3 bits of entropy available)
[    4.654613] random: systemd-udevd: uninitialized urandom read (16 bytes read, 3 bits of entropy available)
[    4.661228] random: systemd-udevd: uninitialized urandom read (16 bytes read, 3 bits of entropy available)
[    4.664565] random: systemd-udevd: uninitialized urandom read (16 bytes read, 3 bits of entropy available)
[    4.692987] random: systemd-udevd: uninitialized urandom read (16 bytes read, 3 bits of entropy available)
[    4.707938] random: systemd-udevd: uninitialized urandom read (16 bytes read, 3 bits of entropy available)
[    4.771982] random: udevadm: uninitialized urandom read (16 bytes read, 3 bits of entropy available)
[    4.775394] random: udevadm: uninitialized urandom read (16 bytes read, 3 bits of entropy available)
[    5.529340] e1000: Intel(R) PRO/1000 Network Driver - version 7.3.21-k8-NAPI
[    5.623321] e1000: Copyright (c) 1999-2006 Intel Corporation.
[    5.701531] Fusion MPT base driver 3.04.20
[    5.709397] Copyright (c) 1999-2008 LSI Corporation
[    5.746045] Fusion MPT SPI Host driver 3.04.20
[    6.006295] input: ImExPS/2 Generic Explorer Mouse as /devices/platform/i8042/serio1/input/input4
[    6.042435] mptbase: ioc0: Initiating bringup
[    6.228369] ioc0: LSI53C1030 A0: Capabilities={Initiator}
[    6.469198] scsi host2: ioc0: LSI53C1030 A0, FwRev=00000000h, Ports=1, MaxQ=256, IRQ=20
[    6.593749] scsi 2:0:0:0: Direct-Access     VBOX     HARDDISK         1.0  PQ: 0 ANSI: 5
[    6.596573] scsi target2:0:0: Beginning Domain Validation
[    6.599385] scsi target2:0:0: Domain Validation skipping write tests
[    6.601377] scsi target2:0:0: Ending Domain Validation
[    6.603124] scsi target2:0:0: asynchronous
[    6.604934] scsi 2:0:1:0: Direct-Access     VBOX     HARDDISK         1.0  PQ: 0 ANSI: 5
[    6.607735] scsi target2:0:1: Beginning Domain Validation
[    6.610682] scsi target2:0:1: Domain Validation skipping write tests
[    6.612632] scsi target2:0:1: Ending Domain Validation
[    6.614403] scsi target2:0:1: asynchronous
[    6.621054] sd 2:0:0:0: Attached scsi generic sg0 type 0
[    6.622847] sd 2:0:0:0: [sda] 20971520 512-byte logical blocks: (10.7 GB/10.0 GiB)
[    6.631028] sd 2:0:1:0: [sdb] 20480 512-byte logical blocks: (10.5 MB/10.0 MiB)
[    6.633906] sd 2:0:1:0: [sdb] Write Protect is off
[    6.635789] sd 2:0:1:0: Attached scsi generic sg1 type 0
[    6.637572] sd 2:0:0:0: [sda] Write Protect is off
[    6.665819] sd 2:0:1:0: [sdb] Incomplete mode parameter data
[    6.668443] sd 2:0:1:0: [sdb] Assuming drive cache: write through
[    6.830324] sd 2:0:0:0: [sda] Incomplete mode parameter data
[    6.832232] sd 2:0:0:0: [sda] Assuming drive cache: write through
[    6.852207]  sda: sda1
[    6.853991] sd 2:0:0:0: [sda] Attached SCSI disk
[    6.877177] sd 2:0:1:0: [sdb] Attached SCSI disk
[    7.675279] e1000 0000:00:03.0 eth0: (PCI:33MHz:32-bit) 02:6a:5b:40:72:6f
[    7.680157] e1000 0000:00:03.0 eth0: Intel(R) PRO/1000 Network Connection
[    7.686962] e1000 0000:00:03.0 enp0s3: renamed from eth0
Begin: Loading essential drivers ... [   10.987158] md: linear personality registered for level -1
[   11.087760] md: multipath personality registered for level -4
[   11.177474] md: raid0 personality registered for level 0
[   11.213207] md: raid1 personality registered for level 1
[   11.473654] raid6: sse2x1   gen()  4042 MB/s
[   11.578629] raid6: sse2x1   xor()  3087 MB/s
[   11.683530] raid6: sse2x2   gen()  4418 MB/s
[   11.788567] raid6: sse2x2   xor()  4758 MB/s
[   11.893564] raid6: sse2x4   gen()  6775 MB/s
[   11.999049] raid6: sse2x4   xor()  5381 MB/s
[   12.009459] raid6: using algorithm sse2x4 gen() 6775 MB/s
[   12.011249] raid6: .... xor() 5381 MB/s, rmw enabled
[   12.012907] raid6: using ssse3x2 recovery algorithm
[   12.046414] xor: measuring software checksum speed
[   12.208679]    prefetch64-sse: 30080.000 MB/sec
[   12.357970]    generic_sse: 26732.000 MB/sec
[   12.359491] xor: using function: prefetch64-sse (30080.000 MB/sec)
[   12.418957] async_tx: api initialized (async)
[   12.455322] md: raid6 personality registered for level 6
[   12.457207] md: raid5 personality registered for level 5
[   12.524633] md: raid4 personality registered for level 4
[   12.736819] md: raid10 personality registered for level 10
done.
Begin: Running /scripts/init-premount ... done.
Begin: Mounting root file system ... Begin: Running /scripts/local-top ... done.
Begin: Running /scripts/local-premount ... [   13.071860] Btrfs loaded
Scanning for Btrfs filesystems
done.
Warning: fsck not present, so skipping root file system
[   13.588960] EXT4-fs (sda1): mounted filesystem with ordered data mode. Opts: (null)
done.
Begin: Running /scripts/local-bottom ... done.
Begin: Running /scripts/init-bottom ... done.
[   14.249914] random: nonblocking pool is initialized
[   14.541304] systemd[1]: systemd 229 running in system mode. (+PAM +AUDIT +SELINUX +IMA +APPARMOR +SMACK +SYSVINIT +UTMP +LIBCRYPTSETUP +GCRYPT +GNUTLS +ACL +XZ -LZ4 +SECCOMP +BLKID +ELFUTILS +KMOD -IDN)
[   14.570926] systemd[1]: Detected virtualization oracle.
[   14.572682] systemd[1]: Detected architecture x86-64.

Welcome to [1mUbuntu 16.04.6 LTS[0m!

[   14.596484] systemd[1]: Set hostname to <ubuntu>.
[   14.619000] systemd[1]: Initializing machine ID from random generator.
[   14.621156] systemd[1]: Installed transient /etc/machine-id file.
[   15.831192] systemd[1]: Reached target User and Group Name Lookups.
[[0;32m  OK  [0m] Reached target User and Group Name Lookups.
[   15.842571] systemd[1]: Listening on Syslog Socket.
[[0;32m  OK  [0m] Listening on Syslog Socket.
[   15.851327] systemd[1]: Started Trigger resolvconf update for networkd DNS.
[[0;32m  OK  [0m] Started Trigger resolvconf update for networkd DNS.
[   15.860596] systemd[1]: Set up automount Arbitrary Executable File Formats File System Automount Point.
[[0;32m  OK  [0m] Set up automount Arbitrary Executab...ats File System Automount Point.
[   15.867556] systemd[1]: Created slice System Slice.
[[0;32m  OK  [0m] Created slice System Slice.
[   15.872090] systemd[1]: Created slice system-serial\x2dgetty.slice.
[[0;32m  OK  [0m] Created slice system-serial\x2dgetty.slice.
[   15.877253] systemd[1]: Created slice User and Session Slice.
[[0;32m  OK  [0m] Created slice User and Session Slice.
[   15.932000] systemd[1]: Listening on LVM2 metadata daemon socket.
[[0;32m  OK  [0m] Listening on LVM2 metadata daemon socket.
[   15.936050] systemd[1]: Reached target System Time Synchronized.
[[0;32m  OK  [0m] Reached target System Time Synchronized.
[   15.940027] systemd[1]: Reached target Encrypted Volumes.
[[0;32m  OK  [0m] Reached target Encrypted Volumes.
[   15.943979] systemd[1]: Listening on Device-mapper event daemon FIFOs.
[[0;32m  OK  [0m] Listening on Device-mapper event daemon FIFOs.
[   15.948330] systemd[1]: Listening on Journal Socket (/dev/log).
[[0;32m  OK  [0m] Listening on Journal Socket (/dev/log).
[   15.952538] systemd[1]: Started Forward Password Requests to Wall Directory Watch.
[[0;32m  OK  [0m] Started Forward Password Requests to Wall Directory Watch.
[   15.957780] systemd[1]: Listening on Journal Audit Socket.
[[0;32m  OK  [0m] Listening on Journal Audit Socket.
[   15.971638] systemd[1]: Reached target Swap.
[[0;32m  OK  [0m] Reached target Swap.
[   15.975139] systemd[1]: Listening on udev Kernel Socket.
[[0;32m  OK  [0m] Listening on udev Kernel Socket.
[   16.036208] systemd[1]: Listening on /dev/initctl Compatibility Named Pipe.
[[0;32m  OK  [0m] Listening on /dev/initctl Compatibility Named Pipe.
[   16.040926] systemd[1]: Listening on Journal Socket.
[[0;32m  OK  [0m] Listening on Journal Socket.
[   16.048844] systemd[1]: Starting Uncomplicated firewall...
         Starting Uncomplicated firewall...
[   16.065128] systemd[1]: Starting Create list of required static device nodes for the current kernel...
         Starting Create list of required st... nodes for the current kernel...
[   16.093279] systemd[1]: Starting Set console keymap...
         Starting Set console keymap...
[   16.254749] systemd[1]: Mounting POSIX Message Queue File System...
         Mounting POSIX Message Queue File System...
[   16.353120] systemd[1]: Starting Load Kernel Modules...
         Starting Load Kernel Modules...
[   16.455692] systemd[1]: Starting Nameserver information manager...
         Starting Nameserver information manager...
[   16.568380] systemd[1]: Mounting Huge Pages File System...
         Mounting Huge Pages File System...
[   16.595721] systemd[1]: Starting Monitoring of LVM2 mirrors, snapshots etc. using dmeventd or progress polling...
         Starting Monitoring of LVM2 mirrors... dmeventd or progress polling...
[   16.683172] systemd[1]: Starting Remount Root and Kernel File Systems...
         Starting Remount Root and Kernel File Systems...
[   16.767873] systemd[1]: Starting Journal Service...
         Starting Journal Service...
[   16.804999] systemd[1]: Mounting Debug File System...
         Mounting Debug File System...
[   16.900658] systemd[1]: Listening on udev Control Socket.
[[0;32m  OK  [0m] Listening on udev Control Socket.
[   16.974240] systemd[1]: Listening on LVM2 poll daemon socket.
[[0;32m  OK  [0m] Listening on LVM2 poll daemon socket.
[   16.988820] systemd[1]: Reached target Slices.
[[0;32m  OK  [0m] Reached target Slices.
[   17.022497] systemd[1]: Mounted Huge Pages File System.
[   17.112295] EXT4-fs (sda1): re-mounted. Opts: (null)
[[0;32m  OK  [0m] Mounted Huge Pages File System.
[   17.198486] systemd[1]: Mounted POSIX Message Queue File System.
[[0;32m  OK  [0m] Mounted POSIX Message Queue File System.
[   17.211821] systemd[1]: Started Uncomplicated firewall.
[[0;32m  OK  [0m] Started Uncomplicated firewall.
[   17.228787] systemd[1]: Started Create list of required static device nodes for the current kernel.
[   17.340855] Loading iSCSI transport class v2.0-870.
[[0;32m  OK  [0m] Started Create list of required sta...ce nodes for the current kernel.
[   17.442469] systemd[1]: Mounted Debug File System.
[[0;32m  OK  [0m] Mounted Debug File System.
[   17.701999] systemd[1]: Started Remount Root and Kernel File Systems.
[[0;32m  OK  [0m] Started Remount Root and Kernel File Systems.
[   17.714390] systemd[1]: Started Nameserver information manager.
[[0;32m  OK  [0m] Started Nameserver information manager.
[   17.803141] systemd[1]: Started Journal Service.
[[0;32m  OK  [0m] Started Journal Service.
[   17.918380] iscsi: registered transport (tcp)
[[0;32m  OK  [0m] Started LVM2 metadata daemon.
         Starting Flush Journal to Persistent Storage...
         Starting Load/Save Random Seed...
         Starting udev Coldplug all Devices...
         Starting Create Static Device Nodes in /dev...
[[0;32m  OK  [0m] Started Set console keymap.
[   18.976626] iscsi: registered transport (iser)
[[0;32m  OK  [0m] Started Load Kernel Modules.
         Mounting FUSE Control File System...
         Starting Apply Kernel Variables...
[[0;32m  OK  [0m] Mounted FUSE Control File System.
[[0;32m  OK  [0m] Started Load/Save Random Seed.
[   19.365097] systemd-journald[383]: Received request to flush runtime journal from PID 1
[[0;32m  OK  [0m] Started Flush Journal to Persistent Storage.
[[0;32m  OK  [0m] Started Monitoring of LVM2 mirrors,...ng dmeventd or progress polling.
[[0;32m  OK  [0m] Started Apply Kernel Variables.
[[0;32m  OK  [0m] Started Create Static Device Nodes in /dev.
         Starting udev Kernel Device Manager...
[[0;32m  OK  [0m] Reached target Local File Systems (Pre).
[[0;32m  OK  [0m] Reached target Local File Systems.
         Starting Tell Plymouth To Write Out Runtime Data...
         Starting Commit a transient machine-id on disk...
         Starting Set console font and keymap...
         Starting Initial cloud-init job (pre-networking)...
         Starting LSB: AppArmor initialization...
         Starting Create Volatile Files and Directories...
[[0;32m  OK  [0m] Started Commit a transient machine-id on disk.
[[0;32m  OK  [0m] Started Tell Plymouth To Write Out Runtime Data.
[[0;32m  OK  [0m] Started Create Volatile Files and Directories.
         Starting Update UTMP about System Boot/Shutdown...
[[0;32m  OK  [0m] Started udev Coldplug all Devices.
[[0;32m  OK  [0m] Started Update UTMP about System Boot/Shutdown.
[[0;32m  OK  [0m] Started udev Kernel Device Manager.
[[0;32m  OK  [0m] Started Dispatch Password Requests to Console Directory Watch.
[[0;32m  OK  [0m] Found device /dev/ttyS0.
[[0;32m  OK  [0m] Listening on Load/Save RF Kill Switch Status /dev/rfkill Watch.
[[0;32m  OK  [0m] Started LSB: AppArmor initialization.
[   33.259739] cloud-init[472]: Cloud-init v. 19.1-1-gbaa47854-0ubuntu1~16.04.1 running 'init-local' at Fri, 23 Aug 2019 16:12:06 +0000. Up 29.35 seconds.
[[0;32m  OK  [0m] Started Initial cloud-init job (pre-networking).
[[0;32m  OK  [0m] Reached target Network (Pre).
         Starting Raise network interfaces...
[[0;32m  OK  [0m] Started Set console font and keymap.
[[0;32m  OK  [0m] Created slice system-getty.slice.
[[0;32m  OK  [0m] Started Raise network interfaces.
[[0;32m  OK  [0m] Reached target Network.
         Starting Initial cloud-init job (metadata service crawler)...
[   46.098602] cloud-init[952]: Cloud-init v. 19.1-1-gbaa47854-0ubuntu1~16.04.1 running 'init' at Fri, 23 Aug 2019 16:12:18 +0000. Up 40.83 seconds.
[   46.190391] cloud-init[952]: ci-info: ++++++++++++++++++++++++++++++++++++++Net device info++++++++++++++++++++++++++++++++++++++
[   46.221218] cloud-init[952]: ci-info: +--------+------+----------------------------+---------------+--------+-------------------+
[   46.296780] cloud-init[952]: ci-info: | Device |  Up  |          Address           |      Mask     | Scope  |     Hw-Address    |
[   46.346031] cloud-init[952]: ci-info: +--------+------+----------------------------+---------------+--------+-------------------+
[   46.433449] cloud-init[952]: ci-info: | enp0s3 | True |         10.0.2.15          | 255.255.255.0 | global | 02:6a:5b:40:72:6f |
[   46.445276] cloud-init[952]: ci-info: | enp0s3 | True | fe80::6a:5bff:fe40:726f/64 |       .       |  link  | 02:6a:5b:40:72:6f |
[   46.504544] cloud-init[952]: ci-info: |   lo   | True |         127.0.0.1          |   255.0.0.0   |  host  |         .         |
[   46.530812] cloud-init[952]: [[0;32m  OK  [0m] Started Initial cloud-init job (metadata service crawler).
[[0;32m  OK  [0m] ci-info: |   lo   | True |          ::1/128           |       .       |  host  |         .         |
[   46.537041] cloud-init[952]: ci-info: +--------+------+----------------------------+---------------+--------+-------------------+
[   46.537339] cloud-init[952]: ci-info: +++++++++++++++++++++++++++Route IPv4 info++++++++++++++++++++++++++++
[   46.537638] cloud-init[952]: ci-info: +-------+-------------+----------+---------------+-----------+-------+
[   46.539486] cloud-init[952]: ci-info: | Route | Destination | Gateway  |    Genmask    | Interface | Flags |
[   46.539763] cloud-init[952]: ci-info: +-------+-------------+----------+---------------+-----------+-------+
Reached target Network is Online.
[   46.544453] cloud-init[952]: ci-info: |   0   |   0.0.0.0   | 10.0.2.2 |    0.0.0.0    |   enp0s3  |   UG  |
[   46.727223] cloud-init[952]: ci-info: |   1   |   10.0.2.0  | 0.0.0.0  | 255.255.255.0 |   enp0s3  |   U   |
[   46.731895] cloud-init[952]: ci-info: +-------+-------------+----------+---------------+-----------+-------+         Starting iSCSI initiator daemon (iscsid)...
[[0;32m  OK  [0m] Reached target Cloud-config availability.
[
[   46.740867] cloud-init[952]: ci-info: +++++++++++++++++++Route IPv6 info+++++++++++++++++++
[   46.742832] cloud-init[952]: ci-info: +-------+-------------+---------+-----------+-------+
[   46.743191] cloud-init[952]: ci-info: | Route | Destination | Gateway | Interface | Flags |
[   46.743552] cloud-init[952]: ci-info: +-------+-------------+---------+-----------+-------+
[0;32m  OK  [0m] Reached target System Initialization.
[   46.743968] cloud-init[952]: ci-info: |   0   |  fe80::/64  |    ::   |   enp0s3  |   U   |
[   46.876503] cloud-init[952]: ci-info: |   4   |   ff00::/8  |    ::   |   enp0s3  |   U   |
[[0;32m  OK  [0m] Started ACPI Events Check.
[[0;32m  OK  [0m] Reached target Paths.
[   46.885461] cloud-init[952]: ci-info: +-------+-------------+---------+-----------+-------+
         Starting LXD - unix socket.
[[0;32m  OK  [0m] Listening on UUID daemon activation socket.
[[0;32m  OK  [0m[   46.956469] cloud-init[952]: Generating public/private rsa key pair.
[   46.970921] cloud-init[952]: Your identification has been saved in /etc/ssh/ssh_host_rsa_key.
[   46.973075] cloud-init[952]: Your public key has been saved in /etc/ssh/ssh_host_rsa_key.pub.
[   46.973458] cloud-init[952]: The key fingerprint is:
[   46.973840] cloud-init[952]: SHA256:iYcVuslLyhlaYddU7OauAuFngaHa8Lmf1ugIDD+xJnU root@ubuntu-xenial
[   46.974200] cloud-init[952]: The key's randomart image is:
] Listening on ACPID Listen Socket.
[   46.977232]          Starting Socket activation for snappy daemon.
[[0;32m  OK  [0m] Started Daily Cleanup of Temporary Directories.
[[0;32m  OK  [0m] Listening on D-Bus System Message Bus Socket.
[[0;32m  OK  [0m] Started Daily apt download activities.
[[0;32m  OK  [0m] Started Daily apt upgrade and clean activities.
[[0;32m  OK  [0m] Reached target Timers.
[[0;32m  OK  [0m] Listening on LXD - unix socket.
[[0;32m  OK  [0m] Listening on Socket activation for snappy daemon.
cloud-init[952]: +---[RSA 2048]----+
[[0;32m  OK  [0m] Started iSCSI initiator daemon (iscsid).[   47.197489] cloud-init[952]: |        oo.      |
[   47.201351] 
         Starting Login to default iSCSI targets...
[[0;32m  OK  [0m] Reached target Sockets.
[[0;32m  OK  [0m] Reached target Basic System.
         cloud-init[952]: |    .  + ..      |
[   47.286376] cloud-init[952]: |   .ooo o.       |Starting Accounts Service...

[   47.353935] cloud-init[952]: |. ..o+.* .o      |
[   47.357385] cloud-init[952]: |.=ooE.B.So       |
[   47.377054] cloud-init[952]: |+o+Bo=oo  .      |
[   47.405264] cloud-init[952]: |o.*.+*.  .       |
[   47.408594] cloud-init[952]: | +.oo.o   .      |
[[0;32m  OK  [0m] Started Regular background program processing daemon.
[   47.465100] cloud-init[952]: |  .++  ...       |
         Starting Virtualbox guest utils...
[   47.561750] cloud-init[952]: +----[SHA256]-----+
[   47.657251] cloud-init[952]: Generating public/private dsa key pair.
[   47.657906] cloud-init[952]: Your identification has been saved in /etc/ssh/ssh_host_dsa_key.
[   47.658161] cloud-init[952]: Your public key has been saved in /etc/ssh/ssh_host_dsa_key.pub.
[   47.658564] cloud-init[952]: The key fingerprint is:
[   47.658861] cloud-init[952]: SHA256:Y3gSr5g850pmY5WqS/x+c2g6osP+ltYxCEujwLM2i7w root@ubuntu-xenial
[   47.659138] cloud-init[952]: The key's randomart image is:
[   47.659427] cloud-init[952]: +---[DSA 1024]----+
[   47.659730] cloud-init[952]: |                 |
[   47.660037] cloud-init[952]: |                 |
[   47.666663] cloud-init[952]: |.     .          |
[   47.666970] cloud-init[952]: |.*     =         |
[   47.667285] cloud-init[952]: |+ * . = S        |
[   47.667588] cloud-init[952]: |.* o B = .       |
[   47.667988] cloud-init[952]: |= = # =.         |
[   47.672610] cloud-init[952]: |o=.@.*= .        |
[   47.672938] cloud-init[952]: |oEB==*.o         |
[   47.673213] cloud-init[952]: +----[SHA256]-----+
[   47.673501] cloud-init[952]: Generating public/private ecdsa key pair.
[   47.673832] cloud-init[952]: Your identification has been saved in /etc/ssh/ssh_host_ecdsa_key.
[   47.674116] cloud-init[952]: Your public key has been saved in /etc/ssh/ssh_host_ecdsa_key.pub.
[   47.674422] cloud-init[952]: The key fingerprint is:
[   47.680822] cloud-init[952]: SHA256:gsmlienyPXIK9RQoRamzmsz4TsyiyhDv/qJAjOGiiBE root@ubuntu-xenial
[   47.681169] cloud-init[952]: The key's randomart image is:
[   47.681476] cloud-init[952]: +---[ECDSA 256]---+
[   47.681755] cloud-init[952]: | .o.             |
[   47.682390] cloud-init[952]: | ...             |
[   47.682697] cloud-init[952]: |E.. . .          |
[   47.682969] cloud-init[952]: |*+ + B           |
[   47.683268] cloud-init[952]: |=*+ B . S        |
[   47.683895] cloud-init[952]: |BO o   .         |
[   47.688929] cloud-init[952]: |#.* .            |
[   47.689213] cloud-init[952]: |OXo.o            |
[   47.690106] cloud-init[952]: |=*B*o.           |
[   47.690453] cloud-init[952]: +----[SHA256]-----+
[   47.690737] cloud-init[952]: Generating public/private ed25519 key pair.
[   47.691058] cloud-init[952]: Your identification has been saved in /etc/ssh/ssh_host_ed25519_key.
[   47.691454] cloud-init[952]: Your public key has been saved in /etc/ssh/ssh_host_ed25519_key.pub.
[   47.691771] cloud-init[952]: The key fingerprint is:
         Starting System Logging Service...
[[0;32m  OK  [0m] Started Deferred execution scheduler.
[   47.784446] cloud-init[952]: SHA256:kdaQOY13BmCN1OtYkH02c6IcHmC6o7wIS0ulA60G30Q root@ubuntu-xenial
         Starting Login Service...[   48.108710] cloud-init[952]: The key's randomart image is:
[   48.160496] cloud-init[952]: +--[ED25519 256]--+
[   48.160721] cloud-init[952]: |       .B&..     |
[   48.160938] cloud-init[952]: |       +O+O O .  |
[   48.161155] cloud-init[952]: |    E . +*.X =   |
[   48.161384] cloud-init[952]: | . .   o .*      |
[   48.161676] cloud-init[952]: |o ... o S+       |
[   48.161893] cloud-init[952]: |ooo+ . .. .      |
[   48.162112] cloud-init[952]: |o*. +            |
[   48.166471] cloud-init[952]: |+oo. .           |
[   48.168337] cloud-init[952]: |... .            |
[   48.168563] cloud-init[952]: +----[SHA256]-----+

         Starting LSB: MD monitoring daemon...
         Starting Snappy daemon...
[[0;32m  OK  [0m] Started FUSE filesystem for LXC.
[[0;32m  OK  [0m] Started ACPI event daemon.
         Starting LSB: Record successful boot for GRUB...
         Starting Pollinate to seed the pseudo random number generator...
[[0;32m  OK  [0m] Started D-Bus System Message Bus.
         Starting /etc/rc.local Compatibility...
         Starting LXD - container startup/shutdown...
[[0;32m  OK  [0m] Started System Logging Service.
[[0;32m  OK  [0m] Started /etc/rc.local Compatibility.
[[0;32m  OK  [0m] Started Login Service.
[[0;32m  OK  [0m] Started Unattended Upgrades Shutdown.
         Starting Authenticate and Authorize Users to Run Privileged Tasks...
[[0;32m  OK  [0m] Started Login to default iSCSI targets.
[[0;32m  OK  [0m] Reached target Remote File Systems (Pre).
[[0;32m  OK  [0m] Reached target Remote File Systems.
         Starting LSB: automatic crash report generation...
         Starting Permit User Sessions...
         Starting LSB: Set the CPU Frequency Scaling governor to "ondemand"...
         Starting LSB: daemon to balance interrupts for SMP systems...
[[0;32m  OK  [0m] Started LSB: Record successful boot for GRUB.
[[0;32m  OK  [0m] Started LSB: MD monitoring daemon.
[[0;32m  OK  [0m] Started Permit User Sessions.
         Starting Hold until boot process finishes up...
         Starting Terminate Plymouth Boot Screen...
[[0;32m  OK  [0m] Started Hold until boot process finishes up.
[[0;32m  OK  [0m] Started Terminate Plymouth Boot Screen.
         Starting Set console scheme...
[[0;32m  OK  [0m] Started Serial Getty on ttyS0.
[[0;32m  OK  [0m] Started Getty on tty1.
[[0;32m  OK  [0m] Reached target Login Prompts.
[[0;32m  OK  [0m] Started Authenticate and Authorize Users to Run Privileged Tasks.
[[0;32m  OK  [0m] Started Accounts Service.
[[0;32m  OK  [0m] Started Set console scheme.
[[0;32m  OK  [0m] Started LXD - container startup/shutdown.
[[0;32m  OK  [0m] Started LSB: Set the CPU Frequency Scaling governor to "ondemand".
[[0;32m  OK  [0m] Started LSB: automatic crash report generation.
[[0;32m  OK  [0m] Started LSB: daemon to balance interrupts for SMP systems.
[[0;32m  OK  [0m] Started Virtualbox guest utils.
[[0;32m  OK  [0m] Started Snappy daemon.
         Starting Wait until snapd is fully seeded...
[[0;32m  OK  [0m] Started Pollinate to seed the pseudo random number generator.
         Starting OpenBSD Secure Shell server...
[[0;32m  OK  [0m] Started OpenBSD Secure Shell server.
[[0;32m  OK  [0m] Created slice User Slice of vagrant.
         Starting User Manager for UID 1000...

Ubuntu 16.04.6 LTS ubuntu-xenial ttyS0

ubuntu-xenial login: [   65.015181] cloud-init[1397]: Generating locales (this might take a while)...
[   72.409319] cloud-init[1397]:   en_US.UTF-8... done
[   72.410538] cloud-init[1397]: Generation complete.
[   75.303946] cloud-init[1397]: Cloud-init v. 19.1-1-gbaa47854-0ubuntu1~16.04.1 running 'modules:config' at Fri, 23 Aug 2019 16:12:41 +0000. Up 63.69 seconds.
ci-info: no authorized ssh keys fingerprints found for user ubuntu.
<14>Aug 23 16:12:57 ec2: 
<14>Aug 23 16:12:57 ec2: #############################################################
<14>Aug 23 16:12:57 ec2: -----BEGIN SSH HOST KEY FINGERPRINTS-----
<14>Aug 23 16:12:57 ec2: 1024 SHA256:Y3gSr5g850pmY5WqS/x+c2g6osP+ltYxCEujwLM2i7w root@ubuntu-xenial (DSA)
<14>Aug 23 16:12:57 ec2: 256 SHA256:gsmlienyPXIK9RQoRamzmsz4TsyiyhDv/qJAjOGiiBE root@ubuntu-xenial (ECDSA)
<14>Aug 23 16:12:57 ec2: 256 SHA256:kdaQOY13BmCN1OtYkH02c6IcHmC6o7wIS0ulA60G30Q root@ubuntu-xenial (ED25519)
<14>Aug 23 16:12:57 ec2: 2048 SHA256:iYcVuslLyhlaYddU7OauAuFngaHa8Lmf1ugIDD+xJnU root@ubuntu-xenial (RSA)
<14>Aug 23 16:12:57 ec2: -----END SSH HOST KEY FINGERPRINTS-----
<14>Aug 23 16:12:57 ec2: #############################################################
-----BEGIN SSH HOST KEY KEYS-----
ecdsa-sha2-nistp256 AAAAE2VjZHNhLXNoYTItbmlzdHAyNTYAAAAIbmlzdHAyNTYAAABBBKbNiS7L1rhGB8qV30qL4YjPX/gNNv13abuaptht3qPbzFMBBzfIuGXqEXoEgVJDnQOgfPqO1TE5hDtjMCifJ8E= root@ubuntu-xenial
ssh-ed25519 AAAAC3NzaC1lZDI1NTE5AAAAIAl+9l/flbosPSxGbqp0YAcr2w5qsERJ4Disg0ymbqPB root@ubuntu-xenial
ssh-rsa AAAAB3NzaC1yc2EAAAADAQABAAABAQDuRZThYuWQ9C7z7UmRrfYY4IeOPWij+Tml1ZdB0xL/2PB5lF3a4NvjEI/CvH650Sc9/oUR2v/TVDCe2DcsZiiL2TJ7yd9kTJtbDcTtShOcgPUyp8TJXVu4Fq0IL7T/aJOZnGNJi3EdXkWhmTEXRTGCeBcHKngtz0er/BdIyf1QyLdhcGaCxCO8dX6PhpjjS+AccKgF/ef0h53RBTEdmHLYRXTgy8SdEbfK4CwulRxqkFTR13g9RqeUl9ovR3vz7/D4OxqodkKkWkMHyOBeCu5Q5VCZKZ2rmCwlHRpD8IZrD88a+jekvJfw7U3I6DDYaI+Wstlx0d9lCNecBX+qEihx root@ubuntu-xenial
-----END SSH HOST KEY KEYS-----
[   80.621314] cloud-init[1547]: Cloud-init v. 19.1-1-gbaa47854-0ubuntu1~16.04.1 running 'modules:final' at Fri, 23 Aug 2019 16:12:56 +0000. Up 78.80 seconds.
[   80.622087] cloud-init[1547]: ci-info: no authorized ssh keys fingerprints found for user ubuntu.
[   80.622649] cloud-init[1547]: Cloud-init v. 19.1-1-gbaa47854-0ubuntu1~16.04.1 finished at Fri, 23 Aug 2019 16:12:58 +0000. Datasource DataSourceNoCloud [seed=/dev/sdb][dsmode=net].  Up 80.58 seconds
