[    0.000000] Initializing cgooup subsys cpuset
[    0.000000] Initializing cgroup subsys cpu
[    0.000000] Initializing cgroup subsys cpuacct
[    0.000000] Linux version 4.4.0-159-generic (buildd@lgw01-amd64-042) (gcc version 5.4.0 20160609 (Ubuntu 5.4.0-6ubuntu1~16.04.10) ) #187-Ubuntu SMP Thu Aug 1 16:28:06 UTC 2019 (Ubuntu 4.4.0-159.187-generic 4.4.185)
[    0.000000] Command line: BOOT_IMAGE=/boot/vmlinuz-4.4.0-159-generic root=LABEL=cloudimg-rootfs ro console=tty1 console=ttyS0
[    0.000000] KERNEL supported cpus:
[    0.000000]   Intel GenuineIntel
[    0.000000]   AMD AuthenticAMD
[    0.000000]   Centaur CentaurHauls
[    0.000000] x86/fpu: Legacy x87 FPU detected.
[    0.000000] e820: BIOS-provided physical RAM map:
[    0.000000] BIOS-e820: [mem 0x0000000000000000-0x000000000009fbff] usable
[    0.000000] BIOS-e820: [mem 0x000000000009fc00-0x000000000009ffff] reserved
[    0.000000] BIOS-e820: [mem 0x00000000000f0000-0x00000000000fffff] reserved
[    0.000000] BIOS-e820: [mem 0x0000000000100000-0x000000002cfeffff] usable
[    0.000000] BIOS-e820: [mem 0x000000002cff0000-0x000000002cffffff] ACPI data
[    0.000000] BIOS-e820: [mem 0x00000000fec00000-0x00000000fec00fff] reserved
[    0.000000] BIOS-e820: [mem 0x00000000fee00000-0x00000000fee00fff] reserved
[    0.000000] BIOS-e820: [mem 0x00000000fffc0000-0x00000000ffffffff] reserved
[    0.000000] NX (Execute Disable) protection: active
[    0.000000] SMBIOS 2.5 present.
[    0.000000] Hypervssor detected: KVM
[    0.000000] e820: last_pfn = 0x2cff0 max_arch_pfn = 0x400000000
[    0.000000] MTRR: Disabled
[    0.000000] x86/PAT: MTRRs disabled, skipping PAT initialization too.
[    0.000000] CPU MTRRs all blank - virtualized system.
[    0.000000] x86/PAT: Configuration [0-7]: WB  WT  UC- UC  WB  WT  UC- UC  
[    0.000000] found SMP MP-table at [mem 0x0009fff0-0x0009ffff] mapped at [ffff88000009fff0]
[    0.000000] Scanning 1 areas for low memory corruption
[    0.000000] RAMDISK: [mem 0x2b961000-0x2c7dcfff]
[    0.000000] ACPI: Early table checksum verification disabled
[    0.000000] ACPI: RSDP 0x00000000000E0000 000024 (v02 VBOX  )
[    0.000000] ACPI: XSDT 0x000000002CFF0030 00003C (v01 VBOX   VBOXXSDT 00000001 ASL  00000061)
[    0.000000] ACPI: FACP 0x000000002CFF00F0 0000F4 (v04 VBOX   VBOXFACP 00000001 ASL  00000061)
[    0.000000] ACPI: DSDT 0x000000002CFF0470 0021FF (v02 VBOX   VBOXBIOS 00000002 INTL 20180105)
[    0.000000] ACPI: FACS 0x000000002CFF0200 000040
[    0.000000] ACPI: FACS 0x000000002CFF0200 000040
[    0.000000] ACPI: APIC 0x000000002CFF0240 000054 (v02 VBOX   VBOXAPIC 00000001 ASL  00000061)
[    0.000000] ACPI: SSDT 0x000000002CFF02A0 0001CC (v01 VBOX   VBOXCPUT 00000002 INTL 20180105)
[    0.000000] No NUMA configuration found
[    0.000000] Faking a node at [mem 0x0000000000000000-0x000000002cfeffff]
[    0.000000] NODE_DATA(0) allocated [mem 0x2cfeb000-0x2cfeffff]
[    0.000000] kvm-clock: Using msrs 4b564d01 and 4b564d00
[    0.000000] kvm-clock: cpu 0, msr 0:2cfe3001, primary cpu clock
[    0.000000] kvm-clock: using sched offset of 7356631780 cycles
[    0.000000] clocksource: kvm-clock: mask: 0xffffffffffffffff max_cycles: 0x1cd42e4dffb, max_idle_ns: 881590591483 ns
[    0.000000] Zone ranges:
[    0.000000]   DMA      [mem 0x0000000000001000-0x0000000000ffffff]
[    0.000000]   DMA32    [mem 0x0000000001000000-0x000000002cfeffff]
[    0.000000]   Normal   empty
[    0.000000]   Device   empty
[    0.000000] Movable zone start for each node
[    0.000000] Early memory node ranges
[    0.000000]   node   0: [mem 0x0000000000001000-0x000000000009efff]
[    0.000000]   node   0: [mem 0x0000000000100000-0x000000002cfeffff]
[    0.000000] Initmem setup node 0 [mem 0x0000000000001000-0x000000002cfeffff]
[    0.000000] ACPI: PM-Timer IO Port: 0x4008
[    0.000000] IOAPIC[0]: apic_id 1, version 32, address 0xfec00000, GSI 0-23
[    0.000000] ACPI: INT_SRC_OVR (bus 0 bus_irq 0 global_irq 2 dfl dfl)
[    0.000000] ACPI: INT_SRC_OVR (bus 0 bus_irq 9 global_irq 9 low level)
[    0.000000] Using ACPI (MADT) for SMP configuration information
[    0.000000] smpboot: Allowing 1 CPUs, 0 hotplug CPUs
[    0.000000] PM: Registered nosave memory: [mem 0x00000000-0x00000fff]
[    0.000000] PM: Registered nosave memory: [mem 0x0009f000-0x0009ffff]
[    0.000000] PM: Registered nosave memory: [mem 0x000a0000-0x000effff]
[    0.000000] PM: Registered nosave memory: [mem 0x000f0000-0x000fffff]
[    0.000000] e820: [mem 0x2d000000-0xfebfffff] available for PCI devices
[    0.000000] Booting paravirtualized kernel on KVM
[    0.000000] clocksource: refined-jiffies: mask: 0xffffffff max_cycles: 0xffffffff, max_idle_ns: 7645519600211568 ns
[    0.000000] setup_percpu: NR_CPUS:512 nr_cpumask_bits:512 nr_cpu_ids:1 nr_node_ids:1
[    0.000000] PERCPU: Embedded 34 pages/cpu @ffff88002cc00000 s99544 r8192 d31528 u2097152
[    0.000000] Built 1 zonelists in Node order, mobility grouping on.  Total pages: 181304
[    0.000000] Policy zone: DMA32
[    0.000000] Kernel command line: BOOT_IMAGE=/boot/vmlinuz-4.4.0-159-generic root=LABEL=cloudimg-rootfs ro console=tty1 console=ttyS0
[    0.000000] PID hash table entries: 4096 (order: 3, 32768 bytes)
[    0.000000] Memory: 690660K/736824K available (8618K kernel code, 1335K rwdata, 4032K rodata, 1488K init, 1284K bss, 46164K reserved, 0K cma-reserved)
[    0.000000] SLUB: HWalign=64, Order=0-3, MinObjects=0, CPUs=1, Nodes=1
[    0.000000] Kernel/User page tables isolation: enabled
[    0.000000] Hierarchical RCU implementation.
[    0.000000] 	Build-time adjustment of leaf fanout to 64.
[    0.000000] 	RCU restricting CPUs from NR_CPUS=512 to nr_cpu_ids=1.
[    0.000000] RCU: Adjusting geometry for rcu_fanout_leaf=64, nr_cpu_ids=1
[    0.000000] NR_IRQS:33024 nr_irqs:256 16
[    0.000000] Console: colour VGA+ 80x25
[    0.000000] console [tty1] enabled
[    0.000000] console [ttyS0] enabled
[    0.000000] tsc: Detected 2992.498 MHz processor
[    0.959390] Calibrating delay loop (skipped) preset value.. 5984.99 BogoMIPS (lpj=11969992)
[    0.962415] pid_max: default: 32768 minimum: 301
[    0.963978] ACPI: Core revision 20150930
[    0.966721] ACPI: 2 ACPI AML tables successfully acquired and loaded
[    0.968907] Security Framework initialized
[    0.970392] Yama: becoming mindful.
[    0.971781] AppArmor: AppArmor initialized
[    1.029228] Dentry cache hash table entries: 131072 (order: 8, 1048576 bytes)
[    1.031715] Inode-cache hash table entries: 65536 (order: 7, 524288 bytes)
[    1.034013] Mount-cache hash table entries: 2048 (order: 2, 16384 bytes)
[    1.036081] Mountpoint-cache hash table entries: 2048 (order: 2, 16384 bytes)
[    1.048653] Initializing cgroup subsys io
[    1.050095] Initializing cgroup subsys memory
[    1.051670] Initializing cgroup subsys devices
[    1.053202] Initializing cgroup subsys freezer
[    1.054775] Initializing cgroup subsys net_cls
[    1.056311] Initializing cgroup subsys perf_event
[    1.057936] Initializing cgroup subsys net_prio
[    1.077423] Initializing cgroup subsys hugetlb
[    1.129794] Initializing cgroup subsys pids
[    1.131375] mce: CPU supports 0 MCE banks
[    1.132884] process: using mwait in idle threads
[    1.134469] Last level iTLB entries: 4KB 128, 2MB 4, 4MB 4
[    1.136265] Last level dTLB entries: 4KB 256, 2MB 0, 4MB 32, 1GB 0
[    1.148226] Spectre V1 : Mitigation: usercopy/swapgs barriers and __user pointer sanitization
[    1.169047] Spectre V2 : Mitigation: Full generic retpoline
[    1.177398] Spectre V2 : Spectre v2 / SpectreRSB mitigation: Filling RSB on context switch
[    1.236089] Speculative Store Bypass: Vulnerable
[    1.238487] MDS: Vulnerable: Clear CPU buffers attempted, no microcode
[    1.878612] Freeing SMP alternatives memory: 36K
[    1.895252] ftrace: allocating 32318 entries in 127 pages
[    2.070351] smpboot: APIC(0) Converting physical 0 to logical package 0
[    2.078444] smpboot: Max logical packages: 1
[    2.080573] x2apic enabled
[    2.082249] Switched APIC routing to physical x2apic.
[    2.110106] ..TIMER: vector=0x30 apic1=0 pin1=2 apic2=-1 pin2=-1
[    2.177992] APIC calibration not consistent with PM-Timer: 200ms instead of 100ms
[    2.180633] APIC delta adjusted to PM-Timer: 6249971 (12500676)
[    2.182571] smpboot: CPU0: Intel(R) Core(TM)2 Duo CPU     E8400  @ 3.00GHz (family: 0x6, model: 0x17, stepping: 0xa)
[    2.209986] Performance Events: unsupported p6 CPU model 23 no PMU driver, software events only.
[    2.405600] KVM setup paravirtual spinlock
[    2.428936] x86: Booted up 1 node, 1 CPUs
[    2.430395] smpboot: Total of 1 processors activated (5984.99 BogoMIPS)
[    2.488730] devtmpfs: initialized
[    2.499585] evm: security.selinux
[    2.500897] evm: security.SMACK64
[    2.502175] evm: security.SMACK64EXEC
[    2.503539] evm: security.SMACK64TRANSMUTE
[    2.504986] evm: security.SMACK64MMAP
[    2.506356] evm: security.ima
[    2.507558] evm: security.capability
[    2.509045] clocksource: jiffies: mask: 0xffffffff max_cycles: 0xffffffff, max_idle_ns: 7645041785100000 ns
[    2.512273] futex hash table entries: 256 (order: 2, 16384 bytes)
[    2.514346] pinctrl core: initialized pinctrl subsystem
[    2.516231] RTC time: 17:04:27, date: 08/23/19
[    2.528060] NET: Registered protocol family 16
[    2.529881] cpuidle: using governor ladder
[    2.531332] cpuidle: using governor menu
[    2.593881] PCCT header not found.
[    2.595260] ACPI: bus type PCI registered
[    2.596712] acpiphp: ACPI Hot Plug PCI Controller Driver version: 0.5
[    2.598886] PCI: Using configuration type 1 for base access
[    2.602277] ACPI: Added _OSI(Module Device)
[    2.606458] ACPI: Added _OSI(Processor Device)
[    2.619484] ACPI: Added _OSI(3.0 _SCP Extensions)
[    2.621065] ACPI: Added _OSI(Processor Aggregator Device)
[    2.623580] ACPI: Executed 1 blocks of module-level executable AML code
[    2.628125] ACPI: Interpreter enabled
[    2.629566] ACPI: (supports S0 S5)
[    2.695381] ACPI: Using IOAPIC for interrupt routing
[    2.697255] PCI: Using host bridge windows from ACPI; if necessary, use "pci=nocrs" and report a bug
[    2.704794] ACPI: PCI Root Bridge [PCI0] (domain 0000 [bus 00-ff])
[    2.706745] acpi PNP0A03:00: _OSC: OS supports [ASPM ClockPM Segments MSI]
[    2.708834] acpi PNP0A03:00: _OSC: not requesting OS control; OS requires [ExtendedConfig ASPM ClockPM MSI]
[    2.712057] acpi PNP0A03:00: fail to add MMCONFIG information, can't access extended PCI configuration space under this bridge.
[    2.716011] PCI host bridge to bus 0000:00
[    2.727471] pci_bus 0000:00: root bus resource [io  0x0000-0x0cf7 window]
[    2.729514] pci_bus 0000:00: root bus resource [io  0x0d00-0xffff window]
[    2.731604] pci_bus 0000:00: root bus resource [mem 0x000a0000-0x000bffff window]
[    2.734276] pci_bus 0000:00: root bus resource [mem 0x2d000000-0xfdffffff window]
[    2.736944] pci_bus 0000:00: root bus resource [bus 00-ff]
[    2.741080] pci 0000:00:01.1: legacy IDE quirk: reg 0x10: [io  0x01f0-0x01f7]
[    2.743245] pci 0000:00:01.1: legacy IDE quirk: reg 0x14: [io  0x03f6]
[    2.795997] pci 0000:00:01.1: legacy IDE quirk: reg 0x18: [io  0x0170-0x0177]
[    2.798171] pci 0000:00:01.1: legacy IDE quirk: reg 0x1c: [io  0x0376]
[    2.820806] pci 0000:00:07.0: quirk: [io  0x4000-0x403f] claimed by PIIX4 ACPI
[    2.829118] pci 0000:00:07.0: quirk: [io  0x4100-0x410f] claimed by PIIX4 SMB
[    2.838007] ACPI: PCI Interrupt Link [LNKA] (IRQs 5 9 10 *11)
[    2.913056] ACPI: PCI Interrupt Link [LNKB] (IRQs 5 9 *10 11)
[    2.915583] ACPI: PCI Interrupt Link [LNKC] (IRQs 5 *9 10 11)
[    2.918106] ACPI: PCI Interrupt Link [LNKD] (IRQs 5 9 10 *11)
[    2.920706] ACPI: Enabled 2 GPEs in block 00 to 07
[    2.923236] vgaarb: setting as boot device: PCI:0000:00:02.0
[    2.925054] vgaarb: device added: PCI:0000:00:02.0,decodes=io+mem,owns=io+mem,locks=none
[    2.927881] vgaarb: loaded
[    2.929046] vgaarb: bridge control possible 0000:00:02.0
[    3.003883] SCSI subsystem initialized
[    3.005679] ACPI: bus type USB registered
[    3.007175] usbcore: registered new interface driver usbfs
[    3.017734] usbcore: registered new interface driver hub
[    3.019520] usbcore: registered new device driver usb
[    3.021508] PCI: Using ACPI for IRQ routing
[    3.023709] NetLabel: Initializing
[    3.025037] NetLabel:  domain hash size = 128
[    3.026554] NetLabel:  protocols = UNLABELED CIPSOv4
[    3.028267] NetLabel:  unlabeled traffic allowed by default
[    3.030440] amd_nb: Cannot enumerate AMD northbridges
[    3.032299] clocksource: Switched to clocksource kvm-clock
[    3.113724] AppArmor: AppArmor Filesystem Enabled
[    3.227723] pnp: PnP ACPI init
[    3.230430] pnp: PnP ACPI: found 3 devices
[    3.239105] clocksource: acpi_pm: mask: 0xffffff max_cycles: 0xffffff, max_idle_ns: 2085701024 ns
[    3.242246] NET: Registered protocol family 2
[    3.244242] TCP established hash table entries: 8192 (order: 4, 65536 bytes)
[    3.246466] TCP bind hash table entries: 8192 (order: 5, 131072 bytes)
[    3.248524] TCP: Hash tables configured (established 8192 bind 8192)
[    3.250632] UDP hash table entries: 512 (order: 2, 16384 bytes)
[    3.252548] UDP-Lite hash table entries: 512 (order: 2, 16384 bytes)
[    3.254651] NET: Registered protocol family 1
[    3.256208] pci 0000:00:00.0: Limiting direct PCI/PCI transfers
[    3.318795] pci 0000:00:01.0: Activating ISA DMA hang workarounds
[    3.321025] Unpacking initramfs...
[    3.765437] Freeing initrd memory: 14832K
[    3.833629] clocksource: tsc: mask: 0xffffffffffffffff max_cycles: 0x2b2296bc2b9, max_idle_ns: 440795321505 ns
[    3.836996] platform rtc_cmos: registered platform RTC device (no PNP device found)
[    3.839783] Scanning for low memory corruption every 60 seconds
[    3.842073] audit: initializing netlink subsys (disabled)
[    3.843849] audit: type=2000 audit(1566579876.103:1): initialized
[    3.846172] Initialise system trusted keyring
[    3.847838] HugeTLB registered 2 MB page size, pre-allocated 0 pages
[    3.852233] zbud: loaded
[    3.853716] VFS: Disk quotas dquot_6.6.0
[    3.855189] VFS: Dquot-cache hash table entries: 512 (order 0, 4096 bytes)
[    3.857592] squashfs: version 4.0 (2009/01/31) Phillip Lougher
[    3.878415] fuse init (API version 7.23)
[    3.879993] Key type big_key registered
[    3.937128] Allocating IMA MOK and blacklist keyrings.
[    3.939255] Key type asymmetric registered
[    3.940712] Asymmetric key parser 'x509' registered
[    3.942437] Block layer SCSI generic (bsg) driver version 0.4 loaded (major 249)
[    3.945124] io scheduler noop registered
[    3.946597] io scheduler deadline registered (default)
[    3.948333] io scheduler cfq registered
[    3.949966] pci_hotplug: PCI Hot Plug PCI Core version: 0.5
[    3.951756] pciehp: PCI Express Hot Plug Controller Driver version: 0.4
[    3.954000] ACPI: AC Adapter [AC] (on-line)
[    3.955548] input: Power Button as /devices/LNXSYSTM:00/LNXPWRBN:00/input/input0
[    3.958240] ACPI: Power Button [PWRF]
[    3.977709] input: Sleep Button as /devices/LNXSYSTM:00/LNXSLPBN:00/input/input1
[    3.980351] ACPI: Sleep Button [SLPF]
[    3.981930] GHES: HEST is not enabled!
[    3.983431] Serial: 8250/16550 driver, 32 ports, IRQ sharing enabled
ÿ[    4.064573] 00:02: ttyS0 at I/O 0x3f8 (irq = 4, base_baud = 115200) is a 16550A
[    4.070383] Linux agpgart interface v0.103
[    4.073242] loop: module loaded
[    4.075305] scsi host0: ata_piix
[    4.076696] scsi host1: ata_piix
[    4.077992] ata1: PATA max UDMA/33 cmd 0x1f0 ctl 0x3f6 bmdma 0xd000 irq 14
[    4.080058] ata2: PATA max UDMA/33 cmd 0x170 ctl 0x376 bmdma 0xd008 irq 15
[    4.082860] libphy: Fixed MDIO Bus: probed
[    4.084313] tun: Universal TUN/TAP device driver, 1.6
[    4.148591] tun: (C) 1999-2004 Max Krasnyansky <maxk@qualcomm.com>
[    4.167932] PPP generic driver version 2.4.2
[    4.169537] ehci_hcd: USB 2.0 'Enhanced' Host Controller (EHCI) Driver
[    4.171540] ehci-pci: EHCI PCI platform driver
[    4.173071] ehci-platform: EHCI generic platform driver
[    4.174819] ohci_hcd: USB 1.1 'Open' Host Controller (OHCI) Driver
[    4.177987] ohci-pci: OHCI PCI platform driver
[    4.179533] ohci-platform: OHCI generic platform driver
[    4.181277] uhci_hcd: USB Universal Host Controller Interface driver
[    4.183317] i8042: PNP: PS/2 Controller [PNP0303:PS2K,PNP0f03:PS2M] at 0x60,0x64 irq 1,12
[    4.186862] serio: i8042 KBD port at 0x60,0x64 irq 1
[    4.253984] serio: i8042 AUX port at 0x60,0x64 irq 12
[    4.255787] mousedev: PS/2 mouse device common for all mice
[    4.258036] input: AT Translated Set 2 keyboard as /devices/platform/i8042/serio0/input/input2
[    4.279232] rtc_cmos rtc_cmos: rtc core: registered rtc_cmos as rtc0
[    4.281334] rtc_cmos rtc_cmos: alarms up to one day, 114 bytes nvram
[    4.283319] i2c /dev entries driver
[    4.284697] device-mapper: uevent: version 1.0.3
[    4.358948] device-mapper: ioctl: 4.34.0-ioctl (2015-10-28) initialised: dm-devel@redhat.com
[    4.361913] ledtrig-cpu: registered to indicate activity on CPUs
[    4.364172] NET: Registered protocol family 10
[    4.366101] NET: Registered protocol family 17
[    4.367661] Key type dns_resolver registered
[    4.369476] registered taskstats version 1
[    4.370975] Loading compiled-in X.509 certificates
[    4.373536] Loaded X.509 cert 'Build time autogenerated kernel key: d14182f9795b80ec340f636a5a08bf5817ccd8e7'
[    4.376834] zswap: loaded using pool lzo/zbud
[    4.390420] Key type trusted registered
[    4.415566] Key type encrypted registered
[    4.462875] AppArmor: AppArmor sha1 policy hashing enabled
[    4.464714] ima: No TPM chip found, activating TPM-bypass!
[    4.466527] ima: Allocated hash algorithm: sha1
[    4.468104] evm: HMAC attrs: 0x1
[    4.469712]   Magic number: 15:58:88
[    4.471212] rtc_cmos rtc_cmos: setting system clock to 2019-08-23 17:04:29 UTC (1566579869)
[    4.474191] BIOS EDD facility v0.16 2004-Jun-25, 0 devices found
[    4.476088] EDD information not available.
[    4.482566] Freeing unused kernel memory: 1488K
[    4.492364] Write protecting the kernel read-only data: 14336k
[    4.506703] Freeing unused kernel memory: 1608K
[    4.508496] Freeing unused kernel memory: 64K
Loading, please wait...
starting version[    4.773477] random: systemd-udevd: uninitialized urandom read (16 bytes read, 4 bits of entropy available)
 229
[    4.788989] random: systemd-udevd: uninitialized urandom read (16 bytes read, 4 bits of entropy available)
[    4.801696] random: udevadm: uninitialized urandom read (16 bytes read, 4 bits of entropy available)
[    4.807079] random: systemd-udevd: uninitialized urandom read (16 bytes read, 4 bits of entropy available)
[    4.818925] random: udevadm: uninitialized urandom read (16 bytes read, 4 bits of entropy available)
[    4.866342] random: systemd-udevd: uninitialized urandom read (16 bytes read, 4 bits of entropy available)
[    4.912866] random: systemd-udevd: uninitialized urandom read (16 bytes read, 4 bits of entropy available)
[    4.967012] random: systemd-udevd: uninitialized urandom read (16 bytes read, 4 bits of entropy available)
[    4.970325] random: systemd-udevd: uninitialized urandom read (16 bytes read, 4 bits of entropy available)
[    4.975469] random: systemd-udevd: uninitialized urandom read (16 bytes read, 4 bits of entropy available)
[    5.631671] Fusion MPT base driver 3.04.20
[    5.698671] Copyright (c) 1999-2008 LSI Corporation
[    5.706679] e1000: Intel(R) PRO/1000 Network Driver - version 7.3.21-k8-NAPI
[    5.708826] e1000: Copyright (c) 1999-2006 Intel Corporation.
[    5.943799] input: ImExPS/2 Generic Explorer Mouse as /devices/platform/i8042/serio1/input/input4
[    6.014901] Fusion MPT SPI Host driver 3.04.20
[    7.008264] e1000 0000:00:03.0 eth0: (PCI:33MHz:32-bit) 02:6a:5b:40:72:6f
[    7.017282] e1000 0000:00:03.0 eth0: Intel(R) PRO/1000 Network Connection
[    7.050814] e1000 0000:00:03.0 enp0s3: renamed from eth0
[    7.052910] mptbase: ioc0: Initiating bringup
[    7.116878] ioc0: LSI53C1030 A0: Capabilities={Initiator}
[    7.277833] scsi host2: ioc0: LSI53C1030 A0, FwRev=00000000h, Ports=1, MaxQ=256, IRQ=20
[    7.401276] scsi 2:0:0:0: Direct-Access     VBOX     HARDDISK         1.0  PQ: 0 ANSI: 5
[    7.419184] scsi target2:0:0: Beginning Domain Validation
[    7.421921] scsi target2:0:0: Domain Validation skipping write tests
[    7.423901] scsi target2:0:0: Ending Domain Validation
[    7.425708] scsi target2:0:0: asynchronous
[    7.427546] scsi 2:0:1:0: Direct-Access     VBOX     HARDDISK         1.0  PQ: 0 ANSI: 5
[    7.430402] scsi target2:0:1: Beginning Domain Validation
[    7.433322] scsi target2:0:1: Domain Validation skipping write tests
[    7.435302] scsi target2:0:1: Ending Domain Validation
[    7.437096] scsi target2:0:1: asynchronous
[    7.444146] sd 2:0:0:0: Attached scsi generic sg0 type 0
[    7.445927] sd 2:0:0:0: [sda] 20971520 512-byte logical blocks: (10.7 GB/10.0 GiB)
[    7.466220] sd 2:0:1:0: Attached scsi generic sg1 type 0
[    7.478605] sd 2:0:1:0: [sdb] 20480 512-byte logical blocks: (10.5 MB/10.0 MiB)
[    7.481729] sd 2:0:1:0: [sdb] Write Protect is off
[    7.505256] sd 2:0:1:0: [sdb] Incomplete mode parameter data
[    7.507094] sd 2:0:1:0: [sdb] Assuming drive cache: write through
[    7.509036] sd 2:0:0:0: [sda] Write Protect is off
[    7.510794] sd 2:0:0:0: [sda] Incomplete mode parameter data
[    7.568403] sd 2:0:0:0: [sda] Assuming drive cache: write through
[    7.597043]  sda: sda1
[    7.619263] sd 2:0:1:0: [sdb] Attached SCSI disk
[    7.621291] sd 2:0:0:0: [sda] Attached SCSI disk
Begin: Loading essential drivers ... [   10.942928] md: linear personality registered for level -1
[   11.031263] md: multipath personality registered for level -4
[   11.069713] md: raid0 personality registered for level 0
[   11.172920] md: raid1 personality registered for level 1
[   11.339444] raid6: sse2x1   gen()  2154 MB/s
[   11.440800] raid6: sse2x1   xor()  3154 MB/s
[   11.544579] raid6: sse2x2   gen()  3968 MB/s
[   11.647089] raid6: sse2x2   xor()  3670 MB/s
[   11.748354] raid6: sse2x4   gen()  5583 MB/s
[   11.852036] raid6: sse2x4   xor()  5344 MB/s
[   11.853603] raid6: using algorithm sse2x4 gen() 5583 MB/s
[   11.855367] raid6: .... xor() 5344 MB/s, rmw enabled
[   11.857032] raid6: using ssse3x2 recovery algorithm
[   11.894624] xor: measuring software checksum speed
[   12.076433]    prefetch64-sse: 30107.000 MB/sec
[   12.206431]    generic_sse: 26722.000 MB/sec
[   12.207934] xor: using function: prefetch64-sse (30107.000 MB/sec)
[   12.224915] async_tx: api initialized (async)
[   12.379397] md: raid6 personality registered for level 6
[   12.388109] md: raid5 personality registered for level 5
[   12.389876] md: raid4 personality registered for level 4
[   12.506737] md: raid10 personality registered for level 10
done.
Begin: Running /scripts/init-premount ... done.
Begin: Mounting root file system ... Begin: Running /scripts/local-top ... done.
Begin: Running /scripts/local-premount ... [   12.893420] Btrfs loaded
Scanning for Btrfs filesystems
done.
Warning: fsck not present, so skipping root file system
[   13.353252] EXT4-fs (sda1): mounted filesystem with ordered data mode. Opts: (null)
done.
Begin: Running /scripts/local-bottom ... done.
Begin: Running /scripts/init-bottom ... done.
[   14.098809] random: nonblocking pool is initialized
[   14.252097] systemd[1]: systemd 229 running in system mode. (+PAM +AUDIT +SELINUX +IMA +APPARMOR +SMACK +SYSVINIT +UTMP +LIBCRYPTSETUP +GCRYPT +GNUTLS +ACL +XZ -LZ4 +SECCOMP +BLKID +ELFUTILS +KMOD -IDN)
[   14.270879] systemd[1]: Detected virtualization oracle.
[   14.272629] systemd[1]: Detected architecture x86-64.

Welcome to [1mUbuntu 16.04.6 LTS[0m!

[   14.284688] systemd[1]: Set hostname to <ubuntu>.
[   14.298183] systemd[1]: Initializing machine ID from random generator.
[   14.300368] systemd[1]: Installed transient /etc/machine-id file.
[   15.589229] systemd[1]: Listening on Journal Socket.
[[0;32m  OK  [0m] Listening on Journal Socket.
[   15.600618] systemd[1]: Started Trigger resolvconf update for networkd DNS.
[[0;32m  OK  [0m] Started Trigger resolvconf update for networkd DNS.
[   15.610338] systemd[1]: Listening on udev Kernel Socket.
[[0;32m  OK  [0m] Listening on udev Kernel Socket.
[   15.614105] systemd[1]: Reached target Encrypted Volumes.
[[0;32m  OK  [0m] Reached target Encrypted Volumes.
[   15.618014] systemd[1]: Listening on LVM2 poll daemon socket.
[[0;32m  OK  [0m] Listening on LVM2 poll daemon socket.
[   15.622090] systemd[1]: Listening on udev Control Socket.
[[0;32m  OK  [0m] Listening on udev Control Socket.
[   15.625941] systemd[1]: Listening on LVM2 metadata daemon socket.
[[0;32m  OK  [0m] Listening on LVM2 metadata daemon socket.
[   15.716726] systemd[1]: Listening on /dev/initctl Compatibility Named Pipe.
[[0;32m  OK  [0m] Listening on /dev/initctl Compatibility Named Pipe.
[   15.736922] systemd[1]: Reached target System Time Synchronized.
[[0;32m  OK  [0m] Reached target System Time Synchronized.
[   15.740985] systemd[1]: Listening on Journal Socket (/dev/log).
[[0;32m  OK  [0m] Listening on Journal Socket (/dev/log).
[   15.744870] systemd[1]: Reached target User and Group Name Lookups.
[[0;32m  OK  [0m] Reached target User and Group Name Lookups.
[   15.758168] systemd[1]: Created slice User and Session Slice.
[[0;32m  OK  [0m] Created slice User and Session Slice.
[   15.771515] systemd[1]: Listening on Journal Audit Socket.
[[0;32m  OK  [0m] Listening on Journal Audit Socket.
[   15.775499] systemd[1]: Listening on Device-mapper event daemon FIFOs.
[[0;32m  OK  [0m] Listening on Device-mapper event daemon FIFOs.
[   15.789605] systemd[1]: Reached target Swap.
[[0;32m  OK  [0m] Reached target Swap.
[   15.793553] systemd[1]: Set up automount Arbitrary Executable File Formats File System Automount Point.
[[0;32m  OK  [0m] Set up automount Arbitrary Executab...ats File System Automount Point.
[   15.807702] systemd[1]: Started Forward Password Requests to Wall Directory Watch.
[[0;32m  OK  [0m] Started Forward Password Requests to Wall Directory Watch.
[   15.813631] systemd[1]: Created slice System Slice.
[[0;32m  OK  [0m] Created slice System Slice.
[   15.820827] systemd[1]: Mounting POSIX Message Queue File System...
         Mounting POSIX Message Queue File System...
[   15.835061] systemd[1]: Mounting Huge Pages File System...
         Mounting Huge Pages File System...
[   16.007957] systemd[1]: Starting Remount Root and Kernel File Systems...
         Starting Remount Root and Kernel File Systems...
[   16.028321] systemd[1]: Created slice system-serial\x2dgetty.slice.
[[0;32m  OK  [0m] Created slice system-serial\x2dgetty.slice.
[   16.114124] systemd[1]: Starting Set console keymap...
         Starting Set console keymap...
[   16.125951] systemd[1]: Starting Uncomplicated firewall...
[   16.203120] EXT4-fs (sda1): re-mounted. Opts: (null)
         Starting Uncomplicated firewall...
[   16.242685] systemd[1]: Mounting Debug File System...
         Mounting Debug File System...
[   16.412873] systemd[1]: Starting Nameserver information manager...
         Starting Nameserver information manager...
[   16.435718] systemd[1]: Starting Create list of required static device nodes for the current kernel...
         Starting Create list of required st... nodes for the current kernel...
[   16.459344] systemd[1]: Starting Monitoring of LVM2 mirrors, snapshots etc. using dmeventd or progress polling...
         Starting Monitoring of LVM2 mirrors... dmeventd or progress polling...
[   16.538216] systemd[1]: Reached target Slices.
[[0;32m  OK  [0m] Reached target Slices.
[   16.554593] systemd[1]: Listening on Syslog Socket.
[[0;32m  OK  [0m] Listening on Syslog Socket.
[   16.630138] systemd[1]: Starting Journal Service...
         Starting Journal Service...
[   16.663936] systemd[1]: Starting Load Kernel Modules...
         Starting Load Kernel Modules...
[   16.841486] systemd[1]: Mounted Huge Pages File System.
[[0;32m  OK  [0m] Mounted Huge Pages File System.
[   16.936940] systemd[1]: Mounted POSIX Message Queue File System.
[[0;32m  OK  [0m] Mounted POSIX Message Queue File System.
[   16.952711] systemd[1]: Mounted Debug File System.
[[0;32m  OK  [0m] Mounted Debug File System.
[   16.959516] systemd[1]: Started Remount Root and Kernel File Systems.
[[0;32m  OK  [0m] Started Remount Root and Kernel File Systems.
[   16.966637] systemd[1]: Started Uncomplicated firewall.
[[0;32m  OK  [0m] Started Uncomplicated firewall.
[   17.144014] systemd[1]: Started Create list of required static device nodes for the current kernel.
[[0;32m  OK  [0m] Started Create list of required sta...ce nodes for the current k[   17.180034] Loading iSCSI transport class v2.0-870.
ernel.
[   17.450319] systemd[1]: Started Nameserver information manager.
[[0;32m  OK  [0m] Started Nameserver information manager.
[   17.791860] systemd[1]: Started Journal Service.
[   17.872676] iscsi: registered transport (tcp)
[[0;32m  OK  [0m] Started Journal Service.
[[0;32m  OK  [0m] Started LVM2 metadata daemon.
         Starting Create Static Device Nodes in /dev...
         Starting udev Coldplug all Devices...
         Starting Load/Save Random Seed...
         Starting Flush Journal to Persistent Storage...
[   18.916116] systemd-journald[374]: Received request to flush runtime journal from PID 1
[[0;32m  OK  [0m] Started Create Static Device Nodes in /dev.
         Starting udev Kernel Device Manager...
[[0;32m  OK  [0m] Started Monitoring of LVM2 mirrors,...ng dmeventd or progress polling.
[   19.140225] iscsi: registered transport (iser)
[[0;32m  OK  [0m] Started Flush Journal to Persistent Storage.
[[0;32m  OK  [0m] Started Set console keymap.
[[0;32m  OK  [0m] Reached target Local File Systems (Pre).
[[0;32m  OK  [0m] Reached target Local File Systems.
         Starting Tell Plymouth To Write Out Runtime Data...
         Starting Initial cloud-init job (pre-networking)...
         Starting LSB: AppArmor initialization...
         Starting Set console font and keymap...
         Starting Commit a transient machine-id on disk...
         Starting Create Volatile Files and Directories...
[[0;32m  OK  [0m] Started Load/Save Random Seed.
[[0;32m  OK  [0m] Started Tell Plymouth To Write Out Runtime Data.
[[0;32m  OK  [0m] Started Commit a transient machine-id on disk.
[[0;32m  OK  [0m] Started Load Kernel Modules.
         Mounting FUSE Control File System...
         Starting Apply Kernel Variables...
[[0;32m  OK  [0m] Started Create Volatile Files and Directories.
         Starting Update UTMP about System Boot/Shutdown...
[[0;32m  OK  [0m] Started udev Kernel Device Manager.
[[0;32m  OK  [0m] Started Apply Kernel Variables.
[[0;32m  OK  [0m] Started Update UTMP about System Boot/Shutdown.
[[0;32m  OK  [0m] Mounted FUSE Control File System.
[[0;32m  OK  [0m] Started udev Coldplug all Devices.
[[0;32m  OK  [0m] Started Dispatch Password Requests to Console Directory Watch.
[[0;32m  OK  [0m] Found device /dev/ttyS0.
[[0;32m  OK  [0m] Listening on Load/Save RF Kill Switch Status /dev/rfkill Watch.
[[0;32m  OK  [0m] Started LSB: AppArmor initialization.
[   32.768033] cloud-init[438]: Cloud-init v. 19.1-1-gbaa47854-0ubuntu1~16.04.1 running 'init-local' at Fri, 23 Aug 2019 17:04:54 +0000. Up 27.25 seconds.
[[0;32m  OK  [0m] Started Initial cloud-init job (pre-networking).
[[0;32m  OK  [0m] Reached target Network (Pre).
         Starting Raise network interfaces...
[[0;32m  OK  [0m] Started Set console font and keymap.
[[0;32m  OK  [0m] Created slice system-getty.slice.
[[0;32m  OK  [0m] Started Raise network interfaces.
         Starting Initial cloud-init job (metadata service crawler)...
[[0;32m  OK  [0m] Reached target Network.
[   44.961454] cloud-init[944]: Cloud-init v. 19.1-1-gbaa47854-0ubuntu1~16.04.1 running 'init' at Fri, 23 Aug 2019 17:05:08 +0000. Up 40.70 seconds.
[   44.968851] cloud-init[944]: ci-info: ++++++++++++++++++++++++++++++++++++++Net device info++++++++++++++++++++++++++++++++++++++
[   45.043064] cloud-init[944]: ci-info: +--------+------+----------------------------+---------------+--------+-------------------+
[   45.062262] cloud-init[944]: ci-info: | Device |  Up  |          Address           |      Mask     | Scope  |     Hw-Address    |
[   45.078799] cloud-init[944]: ci-info: +--------+------+----------------------------+---------------+--------+-------------------+
[   45.134586] cloud-init[944]: ci-info: | enp0s3 | True |         10.0.2.15          | 255.255.255.0 | global | 02:6a:5b:40:72:6f |
[   45.139898] cloud-init[944]: ci-info: | enp0s3 | True | fe80::6a:5bff:fe40:726f/64 |       .       |  link  | 02:6a:5b:40:72:6f |
[   45.145146] cloud-init[944]: ci-info: |   lo   | True |         127.0.0.1          |   255.0.0.0   |  host  |         .         |
[   45.151237] cloud-init[944]: ci-info: |   lo   | True |          ::1/128           |       .       |  host  |         .         |
[   45.156555] cloud-init[944]: ci-info: +--------+------+----------------------------+---------------+--------+-------------------+
[   45.161659] cloud-init[944]: ci-info: +++++++++++++++++++++++++++Route IPv4 info++++++++++++++++++++++++++++
[   45.166320] cloud-init[944]: ci-info: +-------+-------------+----------+---------------+-----------+-------+
[   45.171141] cloud-init[944]: ci-info: | Route | Destination | Gateway  |    Genmask    | Interface | Flags |
[   45.176570] cloud-init[944]: ci-info: +-------+-------------+----------+---------------+-----------+-------+
[   45.182080] cloud-init[944]: ci-info: |   0   |   0.0.0.0   | 10.0.2.2 |    0.0.0.0    |   enp0s3  |   UG  |
[   45.193657] cloud-init[944]: ci-info: |   1   |   10.0.2.0  | 0.0.0.0  | 255.255.255.0 |   enp0s3  |   U   |
[   45.247163] cloud-init[944]: ci-info: +-------+-------------+----------+---------------+-----------+-------+
[   45.262188] cloud-init[944]: ci-info: +++++++++++++++++++Route IPv6 info+++++++++++++++++++
[   45.270214] cloud-init[944]: ci-info: +-------+-------------+---------+-----------+-------+
[   45.277857] cloud-init[944]: ci-info: | Route | Destination | Gateway | Interface | Flags |
[   45.289625] cloud-init[944]: ci-info: +-------+-------------+---------+-----------+-------+
[   45.353111] cloud-init[944]: ci-info: |   0   |  fe80::/64  |    ::   |   enp0s3  |   U   |
[   45.362523] cloud-init[944]: ci-info: |   4   |   ff00::/8  |    ::   |   enp0s3  |   U   |
[   45.384158] cloud-init[944]: ci-info: +-------+-------------+---------+-----------+-------+
[   45.425859] cloud-init[944]: Generating public/private rsa key pair.
[   45.429805] cloud-init[944]: Your identification has been saved in /etc/ssh/ssh_host_rsa_key.
[   45.467457] cloud-init[944]: Your public key has been saved in /etc/ssh/ssh_host_rsa_key.pub.
[   45.486530] cloud-init[944]: The key fingerprint is:
[   45.501657] cloud-init[944]: SHA256:uU+iVts60hpQigR7i3pyomp8HILJiYDROve5gkxQZqc root@ubuntu-xenial
[[0;32m  OK  [0m] Started Initial cloud-init job (metadata service crawler).
[[0;32m  OK  [0m] Reached target Network is Online.
[   45.578597] cloud-init[944]: The key's randomart image is:
         [   45.612559] cloud-init[944]: +---[RSA 2048]----+
[   45.614762] cloud-init[944]: |..               |
Starting iSCSI initiator daemon (iscsid)...
[[0;32m  OK  [0m] Reached target Cloud-config availability.
[[0;32m  OK  [0m] Reached target System Initialization.
[[0;32m  OK  [0m] Started Daily apt download activities.
[[0;32m  OK  [0m] Started Daily Cleanup of Temporary Directories.
[   45.785048] cloud-init[944]: |.o= .            |
[   45.787533] cloud-init         Starting LXD - unix socket.
[944]: |o*oo  .          |
[   45.793418] cloud-init[944]: |*+Eo o   .       |
[   45.796621] [[0;32m  OK  [0m] Started ACPI Events Check.
[[0;32m  OK  [0m] Reached target Paths.
[[0;32m  OK  [0m] Started Daily apt upgrade and clean activities.cloud-init[944]: |B++.o.  S        |
[   45.812507] cloud-init[944]: |== .o.  ..       |
[   45.812736] cloud-init[944]: |B.= ...ooo.      |
[   45.813333] cloud-init[944]: |oO.o. oo++.      |
[   45.813929] cloud-init[944]: |= .. .oo.o.      |
[   45.814477] cloud-init[944]: +----[SHA256]-----+
[   45.814968] cloud-init[944]: Generating public/private dsa key pair.
[   45.815474] cloud-init[944]: Your identification has been saved in /etc/ssh/ssh_host_dsa_key.
[   45.815938] cloud-init[944]: Your public key has been saved in /etc/ssh/ssh_host_dsa_key.pub.

[   45.853818] cloud-init[944]: The key fingerprint is:
[   45.997080] cloud-init[944]: SHA256:+EWA8rY11t/fmun9GiPyvrbPZB+2+tRay9tqpYElw9U root@ubuntu-xenial         Starting Socket activation for snappy daemon.
[[0;32m  OK  [0m] Listening on UUID daemon activation socket.
[[0;32m  OK  [0m
[   46.009369] cloud-init[944]: The key's randomart image is:
[   46.012326] cloud-init[944]: +---[DSA 1024]----+
[   46.014792] cloud-init[944]: ] Listening on ACPID Listen Socket.
[[0;32m  OK  [0m] Reached target Timers.|       ..      . |
[   46.021864] cloud-init[944]: |    . .  .    . E|

[[0;32m  OK  [0m] Listening on D-Bus System Message Bus Socket.
[   46.028648] cloud-init[944]: |     o   ... .   |
[   46.036666] cloud-init[944]: |      o.+.. + .  |
[   46.045838] cloud-init[944]: |     ..+S... *   |
[[0;32m  OK  [0m] Listening on LXD - unix socket.[   46.084796] cloud-init[944]: |      .. .  o o o|
[   46.087001] 
[[0;32m  OK  [0m] Listening on Socket activation for snappy daemon.
cloud-init[944]: |        . . . =O+|
[   46.109276] cloud-init[944]: |           o.=*XB|
[   46.185795] cloud-init[944]: |           o=B&XB|
[   46.193322] cloud-init[944]: +----[SHA256]-----+
[   46.200430] cloud-init[944]: Generating public/private ecdsa key pair.
[   46.208319] cloud-init[944]: Your identification has been saved in /etc/ssh/ssh_host_ecdsa_key.
[   46.214813] cloud-init[944]: Your public key has been saved in /etc/ssh/ssh_host_ecdsa_key.pub.
[[0;32m  OK  [0m] Started iSCSI initiator daemon (iscsid).[   46.229879] cloud-init[944]: The key fingerprint is:
[   46.234400] cloud-init[944]: 
SHA256:ZIbzcz7b709v9MgGoF2OrIcDz/BqBDmp8CQuhATFCek root@ubuntu-xenial
[   46.272277] cloud-init[944]: The key's randomart image is:
[   46.428650] cloud-init[944]: +---[ECDSA 256]---+
         Starting Login to default iSCSI targets...
[[0;32m  OK  [0m] Reached target Sockets.
[[0;32m  OK  [0m] Reached target Basic System.
[   46.439739] cloud-init[944]: |+=..             |
[   46.549222] cloud-init[944]: |..o    .         |
[   46.556801] cloud-init[944]: |+    oo +        |
[   46.559494] cloud-init[944]: |+E. =  *  . .    |
[   46.565444] cloud-init[944]: |o= . o  S+.=     |
[   46.566326] cloud-init[944]: |..o   + .++ o   .|
[   46.566777] cloud-init[944]: |.    . * oo  o oo|
[   46.567123] cloud-init[944]: |      . B .+  +.+|
[   46.567451] cloud-init[944]: |     ... o. .+ooo|
[   46.567741] cloud-init[944]: +----[SHA256]-----+
[   46.568052] cloud-init[944]: Generating public/private ed25519 key pair.
         Starting /etc/rc.local Compatibility...
[   46.573669] cloud-init[944]: Your identification has been saved in /etc/ssh/ssh_host_ed25519_key.
[   46.614014] cloud-init[944]: Your public key has been saved in /etc/ssh/ssh_host_ed25519_key.pub.
         Starting Pollinate to seed the pseudo random number generator...
         Starting Virtualbox guest utils...
         Starting LSB: Record successful boot for GRUB...
[   46.722011] cloud-init[944]: The key fingerprint is:[[0;32m  OK  [0m] Started Regular background program processing daemon.
[   47.002424] cloud-init[944]: SHA256:1uO1IV5B+iTqBD1HJSpji6P7hbhz00yX7HVNXrvvEsE root@ubuntu-xenial
[   47.002913] cloud-init[944]: The key's randomart image is:
[   47.003138] cloud-init[944]: +--[ED25519 256]--+
[   47.003351] cloud-init[944]: |          o.o    |
[   47.003566] cloud-init[944]: |       . o +     |
[   47.003780] cloud-init[944]: |      = + + o.   |
[   47.004049] cloud-init[944]: |     o = = + .E .|
[   47.004267] cloud-init[944]: |    o ..S.+ =+ o.|

[[0;32m  OK  [0m] Started Deferred execution scheduler.
[   47.042079] cloud-init[944]: |   o o.++o.=.o+. |
[   47.306602] cloud-init[944]: |  o .+.o..o..  ..|
[   47.340394] cloud-init[944]: |  .oo.o .     .. |
[   47.408164] cloud-init[944]: |  o+..         o+|
[   47.450089] cloud-init[944]: +----[SHA256]-----+
         Starting Snappy daemon...
[[0;32m  OK  [0m] Started FUSE filesystem for LXC.
         Starting LSB: MD monitoring daemon...
[[0;32m  OK  [0m] Started D-Bus System Message Bus.
         Starting Login Service...
[[0;32m  OK  [0m] Started ACPI event daemon.
         Starting System Logging Service...
         Starting Accounts Service...
         Starting LXD - container startup/shutdown...
[[0;32m  OK  [0m] Started /etc/rc.local Compatibility.
[[0;32m  OK  [0m] Started Login Service.
[[0;32m  OK  [0m] Started Unattended Upgrades Shutdown.
[[0;32m  OK  [0m] Started Login to default iSCSI targets.
[[0;32m  OK  [0m] Reached target Remote File Systems (Pre).
[[0;32m  OK  [0m] Reached target Remote File Systems.
         Starting Permit User Sessions...
         Starting LSB: daemon to balance interrupts for SMP systems...
         Starting LSB: Set the CPU Frequency Scaling governor to "ondemand"...
         Starting LSB: automatic crash report generation...
[[0;32m  OK  [0m] Started System Logging Service.
[[0;32m  OK  [0m] Started Permit User Sessions.
         Starting Authenticate and Authorize Users to Run Privileged Tasks...
         Starting Terminate Plymouth Boot Screen...
         Starting Hold until boot process finishes up...
[[0;32m  OK  [0m] Started Terminate Plymouth Boot Screen.
[[0;32m  OK  [0m] Started Hold until boot process finishes up.
[[0;32m  OK  [0m] Started Getty on tty1.
[[0;32m  OK  [0m] Started Serial Getty on ttyS0.
[[0;32m  OK  [0m] Reached target Login Prompts.
         Starting Set console scheme...
[[0;32m  OK  [0m] Started LSB: MD monitoring daemon.
[[0;32m  OK  [0m] Started Set console scheme.
[[0;32m  OK  [0m] Started Authenticate and Authorize Users to Run Privileged Tasks.
[[0;32m  OK  [0m] Started LSB: Record successful boot for GRUB.
[[0;32m  OK  [0m] Started Accounts Service.
[[0;32m  OK  [0m] Started LSB: automatic crash report generation.
[[0;32m  OK  [0m] Started LSB: Set the CPU Frequency Scaling governor to "ondemand".
[[0;32m  OK  [0m] Started LSB: daemon to balance interrupts for SMP systems.
[[0;32m  OK  [0m] Started Virtualbox guest utils.
[[0;32m  OK  [0m] Started LXD - container startup/shutdown.
[[0;32m  OK  [0m] Started Snappy daemon.
         Starting Wait until snapd is fully seeded...
[[0;32m  OK  [0m] Started Pollinate to seed the pseudo random number generator.
         Starting OpenBSD Secure Shell server...
[[0;32m  OK  [0m] Started OpenBSD Secure Shell server.

Ubuntu 16.04.6 LTS ubuntu-xenial ttyS0

ubuntu-xenial login: [   63.701473] cloud-init[1380]: Generating locales (this might take a while)...
[   71.605683] cloud-init[1380]:   en_US.UTF-8... done
[   71.607025] cloud-init[1380]: Generation complete.
[   75.541116] cloud-init[1380]: Cloud-init v. 19.1-1-gbaa47854-0ubuntu1~16.04.1 running 'modules:config' at Fri, 23 Aug 2019 17:05:29 +0000. Up 61.98 seconds.
ci-info: no authorized ssh keys fingerprints found for user ubuntu.
<14>Aug 23 17:05:46 ec2: 
<14>Aug 23 17:05:46 ec2: #############################################################
<14>Aug 23 17:05:46 ec2: -----BEGIN SSH HOST KEY FINGERPRINTS-----
<14>Aug 23 17:05:46 ec2: 1024 SHA256:+EWA8rY11t/fmun9GiPyvrbPZB+2+tRay9tqpYElw9U root@ubuntu-xenial (DSA)
<14>Aug 23 17:05:46 ec2: 256 SHA256:ZIbzcz7b709v9MgGoF2OrIcDz/BqBDmp8CQuhATFCek root@ubuntu-xenial (ECDSA)
<14>Aug 23 17:05:46 ec2: 256 SHA256:1uO1IV5B+iTqBD1HJSpji6P7hbhz00yX7HVNXrvvEsE root@ubuntu-xenial (ED25519)
<14>Aug 23 17:05:46 ec2: 2048 SHA256:uU+iVts60hpQigR7i3pyomp8HILJiYDROve5gkxQZqc root@ubuntu-xenial (RSA)
<14>Aug 23 17:05:46 ec2: -----END SSH HOST KEY FINGERPRINTS-----
<14>Aug 23 17:05:46 ec2: #############################################################
-----BEGIN SSH HOST KEY KEYS-----
ecdsa-sha2-nistp256 AAAAE2VjZHNhLXNoYTItbmlzdHAyNTYAAAAIbmlzdHAyNTYAAABBBMvxByHe6QcxmyBgUrz62ZmEeL7cYEn33DLM2OxIW5gtD5ReuYvIOs44Bg9N7XUSXa5fYP8MCEC7hkpb6fZ05Zw= root@ubuntu-xenial
ssh-ed25519 AAAAC3NzaC1lZDI1NTE5AAAAIMqhVcKjGnX3y4B0eQz4j7fdpx7mA3CLpEmnC7gmFO56 root@ubuntu-xenial
ssh-rsa AAAAB3NzaC1yc2EAAAADAQABAAABAQDHUwHDwL13JSAhOCQQGcUfFEAaDIMXG4PNgRvnjUy81iZl1abR0z5/vFNorQJAFDtnxcrT44mcPIf9vaFINldVbODcftTLo9zKEfEuCNDlsm01+BREqUx/wvkRlix+K4zYHYRcK45O9cMeRJiB6QMcrnsqmxTz1Rn7Pex2127MMiSDRQL715W2TAhSdF6P6DQYEoAntVfqbfMZbDK8VwoUPLi5R8t2aJNn7eJcWyuSoSwTCIswUnTraj4zD5KcX1hKOtgyfFAZU7hQTxBaEKRv8UV8J9H6jDyei4ph2inJ9uVpn9tgDQxuJD8sUayOg27Gqe6SooHqy4OH/0Kj/Ip1 root@ubuntu-xenial
-----END SSH HOST KEY KEYS-----
[   79.996981] cloud-init[1588]: Cloud-init v. 19.1-1-gbaa47854-0ubuntu1~16.04.1 running 'modules:final' at Fri, 23 Aug 2019 17:05:45 +0000. Up 78.31 seconds.
[   79.998074] cloud-init[1588]: ci-info: no authorized ssh keys fingerprints found for user ubuntu.
[   79.998640] cloud-init[1588]: Cloud-init v. 19.1-1-gbaa47854-0ubuntu1~16.04.1 finished at Fri, 23 Aug 2019 17:05:47 +0000. Datasource DataSourceNoCloud [seed=/dev/sdb][dsmode=net].  Up 79.79 seconds
